 
****************************************
Report : constraint
        -all_violators
Design : UART
Version: K-2015.06
Date   : Thu Aug 11 18:33:14 2022
****************************************


   max_transition

                             Required        Actual
   Net                      Transition     Transition        Slack
   -----------------------------------------------------------------
   P_DATA_RX[2]                 1.50          25.14         -23.64  (VIOLATED)
       PIN :   U1_UART_Rx/U26/Y
                                1.50          25.14         -23.64  (VIOLATED)
   P_DATA_RX[7]                 1.50          25.14         -23.64  (VIOLATED)
       PIN :   U1_UART_Rx/U16/Y
                                1.50          25.14         -23.64  (VIOLATED)
   P_DATA_RX[1]                 1.50          25.14         -23.64  (VIOLATED)
       PIN :   U1_UART_Rx/U20/Y
                                1.50          25.14         -23.64  (VIOLATED)
   P_DATA_RX[3]                 1.50          25.14         -23.64  (VIOLATED)
       PIN :   U1_UART_Rx/U18/Y
                                1.50          25.14         -23.64  (VIOLATED)
   P_DATA_RX[5]                 1.50          25.14         -23.64  (VIOLATED)
       PIN :   U1_UART_Rx/U24/Y
                                1.50          25.14         -23.64  (VIOLATED)
   PAR_ERR_RX                   1.50          25.14         -23.64  (VIOLATED)
       PIN :   U1_UART_Rx/U28/Y
                                1.50          25.14         -23.64  (VIOLATED)
   P_DATA_RX[0]                 1.50          25.14         -23.64  (VIOLATED)
       PIN :   U1_UART_Rx/U30/Y
                                1.50          25.14         -23.64  (VIOLATED)
   P_DATA_RX[6]                 1.50          25.13         -23.63  (VIOLATED)
       PIN :   U1_UART_Rx/U22/Y
                                1.50          25.13         -23.63  (VIOLATED)
   TX_OUT                       1.50          25.00         -23.50  (VIOLATED)
       PIN :   U0_UART_Tx/U3/U4/Y
                                1.50          25.00         -23.50  (VIOLATED)
   BUSY_TX                      1.50          25.00         -23.50  (VIOLATED)
       PIN :   U0_UART_Tx/U0/U5/Y
                                1.50          25.00         -23.50  (VIOLATED)
   DATA_VALID_RX                1.50          25.00         -23.50  (VIOLATED)
       PIN :   U1_UART_Rx/U0_FSM/U8/Y
                                1.50          25.00         -23.50  (VIOLATED)
   STP_ERR_RX                   1.50          24.98         -23.48  (VIOLATED)
       PIN :   U1_UART_Rx/U14/Y
                                1.50          24.98         -23.48  (VIOLATED)
   P_DATA_RX[4]                 1.50          24.98         -23.48  (VIOLATED)
       PIN :   U1_UART_Rx/U12/Y
                                1.50          24.98         -23.48  (VIOLATED)

   -----------------------------------------------------------------
   Total                      13               -306.55  

   max_capacitance

                             Required        Actual
   Net                      Capacitance    Capacitance       Slack
   -----------------------------------------------------------------
   BUSY_TX                      3.69          50.03         -46.34  (VIOLATED)
   DATA_VALID_RX                3.69          50.03         -46.34  (VIOLATED)
   PAR_ERR_RX                   3.69          50.03         -46.34  (VIOLATED)
   P_DATA_RX[0]                 3.69          50.03         -46.34  (VIOLATED)
   P_DATA_RX[1]                 3.69          50.03         -46.34  (VIOLATED)
   P_DATA_RX[2]                 3.69          50.03         -46.34  (VIOLATED)
   P_DATA_RX[3]                 3.69          50.03         -46.34  (VIOLATED)
   P_DATA_RX[4]                 3.69          50.03         -46.34  (VIOLATED)
   P_DATA_RX[5]                 3.69          50.03         -46.34  (VIOLATED)
   P_DATA_RX[6]                 3.69          50.03         -46.34  (VIOLATED)
   P_DATA_RX[7]                 3.69          50.03         -46.34  (VIOLATED)
   STP_ERR_RX                   3.69          50.03         -46.34  (VIOLATED)
   TX_OUT                       3.69          50.03         -46.34  (VIOLATED)

   -----------------------------------------------------------------
   Total                      13               -602.40  

1
