 
****************************************
Report : area
Design : System_Top
Version: K-2015.06
Date   : Fri Jul 29 18:22:17 2022
****************************************

Information: Updating design information... (UID-85)
Library(s) Used:

    scmetro_tsmc_cl013g_rvt_ss_1p08v_125c (File: /home/IC/Labs/Lab_Syn_3.0/std_cells/scmetro_tsmc_cl013g_rvt_ss_1p08v_125c.db)

Number of ports:                          267
Number of nets:                          1379
Number of cells:                         1158
Number of combinational cells:            985
Number of sequential cells:               164
Number of macros/black boxes:               0
Number of buf/inv:                        309
Number of references:                       8

Combinational area:               7765.043387
Buf/Inv area:                     1789.760709
Noncombinational area:            4277.304462
Macro/Black Box area:                0.000000
Net Interconnect area:          424062.145081

Total cell area:                 12042.347849
Total area:                     436104.492930

Hierarchical area distribution
------------------------------

                                  Global cell area           Local cell area
                                  -------------------  ---------------------------- 
Hierarchical cell                 Absolute    Percent  Combi-     Noncombi-  Black-
                                  Total       Total    national   national   boxes   Design
--------------------------------  ----------  -------  ---------  ---------  ------  -----------------
System_Top                        12042.3478    100.0   505.9810     0.0000  0.0000  System_Top
U0_ALU                             4331.4327     36.0  1179.0534   232.9866  0.0000  ALU
U0_ALU/add_42                       263.5808      2.2   263.5808     0.0000  0.0000  ALU_DW01_add_0
U0_ALU/div_51                      1281.4263     10.6  1281.4263     0.0000  0.0000  ALU_DW_div_uns_0
U0_ALU/mult_48                     1087.2708      9.0  1087.2708     0.0000  0.0000  ALU_DW02_mult_0
U0_ALU/sub_45                       287.1148      2.4   287.1148     0.0000  0.0000  ALU_DW01_sub_0
U0_CLK_GATE                          21.1806      0.2     0.0000    21.1806  0.0000  CLK_GATE
U0_ClkDiv                           987.2513      8.2   430.6722   445.9693  0.0000  ClkDiv
U0_ClkDiv/add_61                    110.6098      0.9   110.6098     0.0000  0.0000  ClkDiv_DW01_inc_0
U0_RegFile                         6196.5022     51.5  2619.3343  3577.1680  0.0000  RegFile
--------------------------------  ----------  -------  ---------  ---------  ------  -----------------
Total                                                  7765.0434  4277.3045  0.0000

1
