 
****************************************
Report : clocks
Design : System_Top
Version: K-2015.06
Date   : Fri Jul 29 18:22:18 2022
****************************************

Attributes:
    d - dont_touch_network
    f - fix_hold
    p - propagated_clock
    G - generated_clock
    g - lib_generated_clock

Clock          Period   Waveform            Attrs     Sources
--------------------------------------------------------------------------------
ALU_CLK        100.00   {0 50}              G         {U0_CLK_GATE/GATED_CLK}
CLK            100.00   {0 50}              d         {CLK}
REG_CLK        200.00   {0 100}             G         {U0_ClkDiv/o_div_clk}
--------------------------------------------------------------------------------

Generated     Master         Generated      Master         Waveform
Clock         Source         Source         Clock          Modification
--------------------------------------------------------------------------------
ALU_CLK       CLK            {U0_CLK_GATE/GATED_CLK}
                                            CLK            divide_by(1)
REG_CLK       CLK            {U0_ClkDiv/o_div_clk}
                                            CLK            divide_by(2)
--------------------------------------------------------------------------------
1
