 
****************************************
Report : constraint
        -all_violators
Design : System_Top
Version: K-2015.06
Date   : Fri Jul 29 18:22:18 2022
****************************************


   max_transition

                             Required        Actual
   Net                      Transition     Transition        Slack
   -----------------------------------------------------------------
   RdData[0]                    1.50          37.46         -35.96  (VIOLATED)
       PIN :   U7/Y             1.50          37.46         -35.96  (VIOLATED)
   RdData[1]                    1.50          37.46         -35.96  (VIOLATED)
       PIN :   U9/Y             1.50          37.46         -35.96  (VIOLATED)
   RdData[2]                    1.50          37.46         -35.96  (VIOLATED)
       PIN :   U11/Y            1.50          37.46         -35.96  (VIOLATED)
   RdData[3]                    1.50          37.46         -35.96  (VIOLATED)
       PIN :   U13/Y            1.50          37.46         -35.96  (VIOLATED)
   RdData[4]                    1.50          37.46         -35.96  (VIOLATED)
       PIN :   U15/Y            1.50          37.46         -35.96  (VIOLATED)
   RdData[5]                    1.50          37.46         -35.96  (VIOLATED)
       PIN :   U17/Y            1.50          37.46         -35.96  (VIOLATED)
   RdData[6]                    1.50          37.46         -35.96  (VIOLATED)
       PIN :   U19/Y            1.50          37.46         -35.96  (VIOLATED)
   RdData[7]                    1.50          37.46         -35.96  (VIOLATED)
       PIN :   U21/Y            1.50          37.46         -35.96  (VIOLATED)
   ALU_OUT[0]                   1.50          37.46         -35.96  (VIOLATED)
       PIN :   U23/Y            1.50          37.46         -35.96  (VIOLATED)
   ALU_OUT[1]                   1.50          37.46         -35.96  (VIOLATED)
       PIN :   U25/Y            1.50          37.46         -35.96  (VIOLATED)
   ALU_OUT[2]                   1.50          37.46         -35.96  (VIOLATED)
       PIN :   U27/Y            1.50          37.46         -35.96  (VIOLATED)
   ALU_OUT[3]                   1.50          37.46         -35.96  (VIOLATED)
       PIN :   U29/Y            1.50          37.46         -35.96  (VIOLATED)
   ALU_OUT[4]                   1.50          37.46         -35.96  (VIOLATED)
       PIN :   U31/Y            1.50          37.46         -35.96  (VIOLATED)
   ALU_OUT[5]                   1.50          37.46         -35.96  (VIOLATED)
       PIN :   U33/Y            1.50          37.46         -35.96  (VIOLATED)
   ALU_OUT[6]                   1.50          37.46         -35.96  (VIOLATED)
       PIN :   U35/Y            1.50          37.46         -35.96  (VIOLATED)
   ALU_OUT[7]                   1.50          37.46         -35.96  (VIOLATED)
       PIN :   U37/Y            1.50          37.46         -35.96  (VIOLATED)
   ALU_VLD                      1.50          37.46         -35.96  (VIOLATED)
       PIN :   U39/Y            1.50          37.46         -35.96  (VIOLATED)

   -----------------------------------------------------------------
   Total                      17               -611.32  

   max_capacitance

                             Required        Actual
   Net                      Capacitance    Capacitance       Slack
   -----------------------------------------------------------------
   ALU_OUT[0]                   3.69          75.03         -71.34  (VIOLATED)
   ALU_OUT[1]                   3.69          75.03         -71.34  (VIOLATED)
   ALU_OUT[2]                   3.69          75.03         -71.34  (VIOLATED)
   ALU_OUT[3]                   3.69          75.03         -71.34  (VIOLATED)
   ALU_OUT[4]                   3.69          75.03         -71.34  (VIOLATED)
   ALU_OUT[5]                   3.69          75.03         -71.34  (VIOLATED)
   ALU_OUT[6]                   3.69          75.03         -71.34  (VIOLATED)
   ALU_OUT[7]                   3.69          75.03         -71.34  (VIOLATED)
   ALU_VLD                      3.69          75.03         -71.34  (VIOLATED)
   RdData[0]                    3.69          75.03         -71.34  (VIOLATED)
   RdData[1]                    3.69          75.03         -71.34  (VIOLATED)
   RdData[2]                    3.69          75.03         -71.34  (VIOLATED)
   RdData[3]                    3.69          75.03         -71.34  (VIOLATED)
   RdData[4]                    3.69          75.03         -71.34  (VIOLATED)
   RdData[5]                    3.69          75.03         -71.34  (VIOLATED)
   RdData[6]                    3.69          75.03         -71.34  (VIOLATED)
   RdData[7]                    3.69          75.03         -71.34  (VIOLATED)

   -----------------------------------------------------------------
   Total                      17              -1212.75  

1
