Copyright 1986-2018 Xilinx, Inc. All Rights Reserved.
-------------------------------------------------------------------------------------------------------------------------------------------
| Tool Version     : Vivado v.2018.2 (win64) Build 2258646 Thu Jun 14 20:03:12 MDT 2018
| Date             : Wed May 17 00:26:50 2023
| Host             : LAPTOP-GO10SHVG running 64-bit major release  (build 9200)
| Command          : report_power -file ffe_top_power_routed.rpt -pb ffe_top_power_summary_routed.pb -rpx ffe_top_power_routed.rpx
| Design           : ffe_top
| Device           : xczu7ev-ffvc1156-2-e
| Design State     : routed
| Grade            : extended
| Process          : typical
| Characterization : Production
-------------------------------------------------------------------------------------------------------------------------------------------

Power Report

Table of Contents
-----------------
1. Summary
1.1 On-Chip Components
1.2 Power Supply Summary
1.3 Confidence Level
2. Settings
2.1 Environment
2.2 Clock Constraints
3. Detailed Reports
3.1 By Hierarchy

1. Summary
----------

+--------------------------+--------------+
| Total On-Chip Power (W)  | 0.592        |
| Design Power Budget (W)  | Unspecified* |
| Power Budget Margin (W)  | NA           |
| Dynamic (W)              | 0.001        |
| Device Static (W)        | 0.592        |
| Effective TJA (C/W)      | 1.0          |
| Max Ambient (C)          | 99.4         |
| Junction Temperature (C) | 25.6         |
| Confidence Level         | Low          |
| Setting File             | ---          |
| Simulation Activity File | ---          |
| Design Nets Matched      | NA           |
+--------------------------+--------------+
* Specify Design Power Budget using, set_operating_conditions -design_power_budget <value in Watts>


1.1 On-Chip Components
----------------------

+----------------+-----------+----------+-----------+-----------------+
| On-Chip        | Power (W) | Used     | Available | Utilization (%) |
+----------------+-----------+----------+-----------+-----------------+
| Clocks         |    <0.001 |        3 |       --- |             --- |
| CLB Logic      |    <0.001 |      179 |       --- |             --- |
|   LUT as Logic |    <0.001 |       52 |    230400 |            0.02 |
|   Register     |    <0.001 |       93 |    460800 |            0.02 |
|   CARRY8       |    <0.001 |        4 |     28800 |            0.01 |
|   Others       |     0.000 |        6 |       --- |             --- |
| Signals        |    <0.001 |      194 |       --- |             --- |
| DSPs           |    <0.001 |        1 |      1728 |            0.06 |
| I/O            |    <0.001 |       76 |       360 |           21.11 |
| Static Power   |     0.592 |          |           |                 |
| Total          |     0.592 |          |           |                 |
+----------------+-----------+----------+-----------+-----------------+


1.2 Power Supply Summary
------------------------

+-----------------+-------------+-----------+-------------+------------+
| Source          | Voltage (V) | Total (A) | Dynamic (A) | Static (A) |
+-----------------+-------------+-----------+-------------+------------+
| Vccint          |       0.850 |     0.135 |       0.000 |      0.135 |
| Vccint_io       |       0.850 |     0.070 |       0.000 |      0.070 |
| Vccbram         |       0.850 |     0.002 |       0.000 |      0.002 |
| Vccaux          |       1.800 |     0.148 |       0.000 |      0.148 |
| Vccaux_io       |       1.800 |     0.055 |       0.000 |      0.055 |
| Vcco33          |       3.300 |     0.000 |       0.000 |      0.000 |
| Vcco25          |       2.500 |     0.000 |       0.000 |      0.000 |
| Vcco18          |       1.800 |     0.000 |       0.000 |      0.000 |
| Vcco15          |       1.500 |     0.000 |       0.000 |      0.000 |
| Vcco135         |       1.350 |     0.000 |       0.000 |      0.000 |
| Vcco12          |       1.200 |     0.000 |       0.000 |      0.000 |
| Vcco10          |       1.000 |     0.000 |       0.000 |      0.000 |
| Vccadc          |       1.800 |     0.008 |       0.000 |      0.008 |
| VCC_PSINTFP     |       0.850 |     0.000 |       0.000 |      0.000 |
| VCC_PSINTLP     |       0.850 |     0.005 |       0.000 |      0.005 |
| VPS_MGTRAVCC    |       0.850 |     0.000 |       0.000 |      0.000 |
| VCC_PSINTFP_DDR |       0.850 |     0.000 |       0.000 |      0.000 |
| VCC_PSPLL       |       1.200 |     0.002 |       0.000 |      0.002 |
| VPS_MGTRAVTT    |       1.800 |     0.000 |       0.000 |      0.000 |
| VCCO_PSDDR_504  |       1.200 |     0.000 |       0.000 |      0.000 |
| VCC_PSAUX       |       1.800 |     0.002 |       0.000 |      0.002 |
| VCC_PSBATT      |       1.200 |     0.000 |       0.000 |      0.000 |
| VCC_PSDDR_PLL   |       1.800 |     0.000 |       0.000 |      0.000 |
| VCCO_PSIO0_500  |       3.300 |     0.000 |       0.000 |      0.000 |
| VCCO_PSIO1_501  |       3.300 |     0.000 |       0.000 |      0.000 |
| VCCO_PSIO2_502  |       3.300 |     0.000 |       0.000 |      0.000 |
| VCCO_PSIO3_503  |       3.300 |     0.000 |       0.000 |      0.000 |
| VCC_PSADC       |       1.800 |     0.002 |       0.000 |      0.002 |
| VCCINT_VCU      |       0.900 |     0.025 |       0.000 |      0.025 |
| MGTAVcc         |       0.900 |     0.000 |       0.000 |      0.000 |
| MGTAVtt         |       1.200 |     0.000 |       0.000 |      0.000 |
| MGTVccaux       |       1.800 |     0.000 |       0.000 |      0.000 |
+-----------------+-------------+-----------+-------------+------------+


1.3 Confidence Level
--------------------

+-----------------------------+------------+--------------------------------------------------------+------------------------------------------------------------------------------------------------------------+
| User Input Data             | Confidence | Details                                                | Action                                                                                                     |
+-----------------------------+------------+--------------------------------------------------------+------------------------------------------------------------------------------------------------------------+
| Design implementation state | High       | Design is routed                                       |                                                                                                            |
| Clock nodes activity        | High       | User specified more than 95% of clocks                 |                                                                                                            |
| I/O nodes activity          | Low        | More than 75% of inputs are missing user specification | Provide missing input activity with simulation results or by editing the "By Resource Type -> I/Os" view   |
| Internal nodes activity     | Medium     | User specified less than 25% of internal nodes         | Provide missing internal nodes activity with simulation results or by editing the "By Resource Type" views |
| Device models               | High       | Device models are Production                           |                                                                                                            |
|                             |            |                                                        |                                                                                                            |
| Overall confidence level    | Low        |                                                        |                                                                                                            |
+-----------------------------+------------+--------------------------------------------------------+------------------------------------------------------------------------------------------------------------+


2. Settings
-----------

2.1 Environment
---------------

+-----------------------+--------------------------+
| Ambient Temp (C)      | 25.0                     |
| ThetaJA (C/W)         | 1.0                      |
| Airflow (LFM)         | 250                      |
| Heat Sink             | medium (Medium Profile)  |
| ThetaSA (C/W)         | 1.5                      |
| Board Selection       | medium (10"x10")         |
| # of Board Layers     | 12to15 (12 to 15 Layers) |
| Board Temperature (C) | 25.0                     |
+-----------------------+--------------------------+


2.2 Clock Constraints
---------------------

+-------+--------+-----------------+
| Clock | Domain | Constraint (ns) |
+-------+--------+-----------------+
| clk   | clk    |          1000.0 |
+-------+--------+-----------------+


3. Detailed Reports
-------------------

3.1 By Hierarchy
----------------

+-----------------------------+-----------+
| Name                        | Power (W) |
+-----------------------------+-----------+
| ffe_top                     |    <0.001 |
|   clk_IBUF_inst             |    <0.001 |
|   data_in_IBUF[0]_inst      |    <0.001 |
|   data_in_IBUF[10]_inst     |    <0.001 |
|   data_in_IBUF[11]_inst     |    <0.001 |
|   data_in_IBUF[1]_inst      |    <0.001 |
|   data_in_IBUF[2]_inst      |    <0.001 |
|   data_in_IBUF[3]_inst      |    <0.001 |
|   data_in_IBUF[4]_inst      |    <0.001 |
|   data_in_IBUF[5]_inst      |    <0.001 |
|   data_in_IBUF[6]_inst      |    <0.001 |
|   data_in_IBUF[7]_inst      |    <0.001 |
|   data_in_IBUF[8]_inst      |    <0.001 |
|   data_in_IBUF[9]_inst      |    <0.001 |
|   data_vld_toggle_IBUF_inst |    <0.001 |
|   h0_IBUF[0]_inst           |    <0.001 |
|   h0_IBUF[10]_inst          |    <0.001 |
|   h0_IBUF[11]_inst          |    <0.001 |
|   h0_IBUF[1]_inst           |    <0.001 |
|   h0_IBUF[2]_inst           |    <0.001 |
|   h0_IBUF[3]_inst           |    <0.001 |
|   h0_IBUF[4]_inst           |    <0.001 |
|   h0_IBUF[5]_inst           |    <0.001 |
|   h0_IBUF[6]_inst           |    <0.001 |
|   h0_IBUF[7]_inst           |    <0.001 |
|   h0_IBUF[8]_inst           |    <0.001 |
|   h0_IBUF[9]_inst           |    <0.001 |
|   h1_IBUF[0]_inst           |    <0.001 |
|   h1_IBUF[10]_inst          |    <0.001 |
|   h1_IBUF[11]_inst          |    <0.001 |
|   h1_IBUF[1]_inst           |    <0.001 |
|   h1_IBUF[2]_inst           |    <0.001 |
|   h1_IBUF[3]_inst           |    <0.001 |
|   h1_IBUF[4]_inst           |    <0.001 |
|   h1_IBUF[5]_inst           |    <0.001 |
|   h1_IBUF[6]_inst           |    <0.001 |
|   h1_IBUF[7]_inst           |    <0.001 |
|   h1_IBUF[8]_inst           |    <0.001 |
|   h1_IBUF[9]_inst           |    <0.001 |
|   h2_IBUF[0]_inst           |    <0.001 |
|   h2_IBUF[10]_inst          |    <0.001 |
|   h2_IBUF[11]_inst          |    <0.001 |
|   h2_IBUF[1]_inst           |    <0.001 |
|   h2_IBUF[2]_inst           |    <0.001 |
|   h2_IBUF[3]_inst           |    <0.001 |
|   h2_IBUF[4]_inst           |    <0.001 |
|   h2_IBUF[5]_inst           |    <0.001 |
|   h2_IBUF[6]_inst           |    <0.001 |
|   h2_IBUF[7]_inst           |    <0.001 |
|   h2_IBUF[8]_inst           |    <0.001 |
|   h2_IBUF[9]_inst           |    <0.001 |
|   h3_IBUF[0]_inst           |    <0.001 |
|   h3_IBUF[10]_inst          |    <0.001 |
|   h3_IBUF[11]_inst          |    <0.001 |
|   h3_IBUF[1]_inst           |    <0.001 |
|   h3_IBUF[2]_inst           |    <0.001 |
|   h3_IBUF[3]_inst           |    <0.001 |
|   h3_IBUF[4]_inst           |    <0.001 |
|   h3_IBUF[5]_inst           |    <0.001 |
|   h3_IBUF[6]_inst           |    <0.001 |
|   h3_IBUF[7]_inst           |    <0.001 |
|   h3_IBUF[8]_inst           |    <0.001 |
|   h3_IBUF[9]_inst           |    <0.001 |
|   rst_n_IBUF_inst           |    <0.001 |
|   u0_ctrl                   |    <0.001 |
|   u0_ffe                    |    <0.001 |
|   u0_sync                   |    <0.001 |
+-----------------------------+-----------+


