Copyright 1986-2018 Xilinx, Inc. All Rights Reserved.
------------------------------------------------------------------------------------
| Tool Version : Vivado v.2018.2 (win64) Build 2258646 Thu Jun 14 20:03:12 MDT 2018
| Date         : Wed May 17 00:25:06 2023
| Host         : LAPTOP-GO10SHVG running 64-bit major release  (build 9200)
| Command      : report_control_sets -verbose -file ffe_top_control_sets_placed.rpt
| Design       : ffe_top
| Device       : xczu7ev
------------------------------------------------------------------------------------

Control Set Information

Table of Contents
-----------------
1. Summary
2. Histogram
3. Flip-Flop Distribution
4. Detailed Control Set Information

1. Summary
----------

+----------------------------------------------------------+-------+
|                          Status                          | Count |
+----------------------------------------------------------+-------+
| Number of unique control sets                            |     4 |
| Unused register locations in slices containing registers |     2 |
+----------------------------------------------------------+-------+


2. Histogram
------------

+--------+--------------+
| Fanout | Control Sets |
+--------+--------------+
|      4 |            1 |
|    16+ |            3 |
+--------+--------------+


3. Flip-Flop Distribution
-------------------------

+--------------+-----------------------+------------------------+-----------------+--------------+
| Clock Enable | Synchronous Set/Reset | Asynchronous Set/Reset | Total Registers | Total Slices |
+--------------+-----------------------+------------------------+-----------------+--------------+
| No           | No                    | No                     |               0 |            0 |
| No           | No                    | Yes                    |              62 |            7 |
| No           | Yes                   | No                     |               0 |            0 |
| Yes          | No                    | No                     |               0 |            0 |
| Yes          | No                    | Yes                    |             124 |            9 |
| Yes          | Yes                   | No                     |               0 |            0 |
+--------------+-----------------------+------------------------+-----------------+--------------+


4. Detailed Control Set Information
-----------------------------------

+----------------+------------------+-------------------+------------------+----------------+
|  Clock Signal  |   Enable Signal  |  Set/Reset Signal | Slice Load Count | Bel Load Count |
+----------------+------------------+-------------------+------------------+----------------+
|  clk_IBUF_BUFG | u0_ctrl/strt_cnt | rst_n_IBUF_inst/O |                1 |              4 |
|  clk_IBUF_BUFG | u0_sync/E[0]     | rst_n_IBUF_inst/O |                1 |             24 |
|  clk_IBUF_BUFG |                  | rst_n_IBUF_inst/O |                7 |             62 |
|  clk_IBUF_BUFG | u0_ctrl/load     | rst_n_IBUF_inst/O |                7 |             96 |
+----------------+------------------+-------------------+------------------+----------------+


