
*** Running vivado
    with args -log ffe_top.vdi -applog -m64 -product Vivado -messageDb vivado.pb -mode batch -source ffe_top.tcl -notrace


****** Vivado v2018.2 (64-bit)
  **** SW Build 2258646 on Thu Jun 14 20:03:12 MDT 2018
  **** IP Build 2256618 on Thu Jun 14 22:10:49 MDT 2018
    ** Copyright 1986-2018 Xilinx, Inc. All Rights Reserved.

source ffe_top.tcl -notrace
Command: link_design -top ffe_top -part xczu7ev-ffvc1156-2-e
Design is defaulting to srcset: sources_1
Design is defaulting to constrset: constrs_1
INFO: [Netlist 29-17] Analyzing 68 Unisim elements for replacement
INFO: [Netlist 29-28] Unisim Transformation completed in 0 CPU seconds
INFO: [Project 1-479] Netlist was created with Vivado 2018.2
INFO: [Device 21-403] Loading part xczu7ev-ffvc1156-2-e
INFO: [Project 1-570] Preparing netlist for logic optimization
Parsing XDC File [D:/EECE/4th_Year/Semester Two/Digital Electronics 2/Project/Vivado_Project/project_1/project_1.srcs/constrs_1/new/const.xdc]
Finished Parsing XDC File [D:/EECE/4th_Year/Semester Two/Digital Electronics 2/Project/Vivado_Project/project_1/project_1.srcs/constrs_1/new/const.xdc]
INFO: [Opt 31-138] Pushed 0 inverter(s) to 0 load pin(s).
INFO: [Project 1-111] Unisim Transformation Summary:
  A total of 64 instances were transformed.
  DSP48E2 => DSP48E2 (DSP_ALU, DSP_A_B_DATA, DSP_C_DATA, DSP_MULTIPLIER, DSP_M_DATA, DSP_OUTPUT, DSP_PREADD_DATA, DSP_PREADD): 1 instances
  IBUF => IBUF (IBUFCTRL, INBUF): 63 instances

7 Infos, 0 Warnings, 0 Critical Warnings and 0 Errors encountered.
link_design completed successfully
link_design: Time (s): cpu = 00:00:11 ; elapsed = 00:00:14 . Memory (MB): peak = 1483.098 ; gain = 1177.816
Command: opt_design
Attempting to get a license for feature 'Implementation' and/or device 'xczu7ev'
INFO: [Common 17-349] Got license for feature 'Implementation' and/or device 'xczu7ev'
Running DRC as a precondition to command opt_design

Starting DRC Task
INFO: [DRC 23-27] Running DRC with 2 threads
INFO: [Project 1-461] DRC finished with 0 Errors
INFO: [Project 1-462] Please refer to the DRC report (report_drc) for more information.

Time (s): cpu = 00:00:03 ; elapsed = 00:00:02 . Memory (MB): peak = 1483.098 ; gain = 0.000

Starting Cache Timing Information Task
INFO: [Timing 38-35] Done setting XDC timing constraints.
Ending Cache Timing Information Task | Checksum: 7737d145

Time (s): cpu = 00:00:04 ; elapsed = 00:00:05 . Memory (MB): peak = 1530.633 ; gain = 47.535

Starting Logic Optimization Task

Phase 1 Retarget
INFO: [Opt 31-138] Pushed 1 inverter(s) to 93 load pin(s).
INFO: [Opt 31-49] Retargeted 0 cell(s).
Phase 1 Retarget | Checksum: 15c2e352a

Time (s): cpu = 00:00:00 ; elapsed = 00:00:00.094 . Memory (MB): peak = 1530.633 ; gain = 0.000
INFO: [Opt 31-389] Phase Retarget created 0 cells and removed 0 cells

Phase 2 Constant propagation
INFO: [Opt 31-138] Pushed 0 inverter(s) to 0 load pin(s).
Phase 2 Constant propagation | Checksum: 15c2e352a

Time (s): cpu = 00:00:00 ; elapsed = 00:00:00.107 . Memory (MB): peak = 1530.633 ; gain = 0.000
INFO: [Opt 31-389] Phase Constant propagation created 0 cells and removed 0 cells

Phase 3 Sweep
Phase 3 Sweep | Checksum: 1748acb65

Time (s): cpu = 00:00:00 ; elapsed = 00:00:00.120 . Memory (MB): peak = 1530.633 ; gain = 0.000
INFO: [Opt 31-389] Phase Sweep created 0 cells and removed 0 cells

Phase 4 BUFG optimization
Phase 4 BUFG optimization | Checksum: 1748acb65

Time (s): cpu = 00:00:00 ; elapsed = 00:00:00.213 . Memory (MB): peak = 1530.633 ; gain = 0.000
INFO: [Opt 31-662] Phase BUFG optimization created 0 cells of which 0 are BUFGs and removed 0 cells.

Phase 5 Shift Register Optimization
Phase 5 Shift Register Optimization | Checksum: 133aa6342

Time (s): cpu = 00:00:00 ; elapsed = 00:00:00.242 . Memory (MB): peak = 1530.633 ; gain = 0.000
INFO: [Opt 31-389] Phase Shift Register Optimization created 0 cells and removed 0 cells

Phase 6 Post Processing Netlist
Phase 6 Post Processing Netlist | Checksum: 133aa6342

Time (s): cpu = 00:00:00 ; elapsed = 00:00:00.249 . Memory (MB): peak = 1530.633 ; gain = 0.000
INFO: [Opt 31-389] Phase Post Processing Netlist created 0 cells and removed 0 cells

Starting Connectivity Check Task

Time (s): cpu = 00:00:00 ; elapsed = 00:00:00.002 . Memory (MB): peak = 1530.633 ; gain = 0.000
Ending Logic Optimization Task | Checksum: 133aa6342

Time (s): cpu = 00:00:00 ; elapsed = 00:00:00.258 . Memory (MB): peak = 1530.633 ; gain = 0.000

Starting Power Optimization Task
INFO: [Pwropt 34-132] Skipping clock gating for clocks with a period < 2.00 ns.
Ending Power Optimization Task | Checksum: 133aa6342

Time (s): cpu = 00:00:00 ; elapsed = 00:00:00.017 . Memory (MB): peak = 1530.633 ; gain = 0.000

Starting Final Cleanup Task
Ending Final Cleanup Task | Checksum: 133aa6342

Time (s): cpu = 00:00:00 ; elapsed = 00:00:00 . Memory (MB): peak = 1530.633 ; gain = 0.000
INFO: [Common 17-83] Releasing license: Implementation
23 Infos, 0 Warnings, 0 Critical Warnings and 0 Errors encountered.
opt_design completed successfully
opt_design: Time (s): cpu = 00:00:07 ; elapsed = 00:00:07 . Memory (MB): peak = 1530.633 ; gain = 47.535
INFO: [Timing 38-480] Writing timing data to binary archive.
INFO: [Common 17-1381] The checkpoint 'D:/EECE/4th_Year/Semester Two/Digital Electronics 2/Project/Vivado_Project/project_1/project_1.runs/impl_1/ffe_top_opt.dcp' has been generated.
INFO: [runtcl-4] Executing : report_drc -file ffe_top_drc_opted.rpt -pb ffe_top_drc_opted.pb -rpx ffe_top_drc_opted.rpx
Command: report_drc -file ffe_top_drc_opted.rpt -pb ffe_top_drc_opted.pb -rpx ffe_top_drc_opted.rpx
INFO: [IP_Flow 19-234] Refreshing IP repositories
INFO: [IP_Flow 19-1704] No user IP repositories specified
INFO: [IP_Flow 19-2313] Loaded Vivado IP repository 'D:/Simulators/Xilinx_Vivado_2018/Vivado/2018.2/data/ip'.
INFO: [DRC 23-27] Running DRC with 2 threads
INFO: [Coretcl 2-168] The results of DRC are in file D:/EECE/4th_Year/Semester Two/Digital Electronics 2/Project/Vivado_Project/project_1/project_1.runs/impl_1/ffe_top_drc_opted.rpt.
report_drc completed successfully
report_drc: Time (s): cpu = 00:00:13 ; elapsed = 00:00:10 . Memory (MB): peak = 2626.113 ; gain = 1095.480
Command: place_design
Attempting to get a license for feature 'Implementation' and/or device 'xczu7ev'
INFO: [Common 17-349] Got license for feature 'Implementation' and/or device 'xczu7ev'
INFO: [DRC 23-27] Running DRC with 2 threads
INFO: [Vivado_Tcl 4-198] DRC finished with 0 Errors
INFO: [Vivado_Tcl 4-199] Please refer to the DRC report (report_drc) for more information.
Running DRC as a precondition to command place_design
INFO: [DRC 23-27] Running DRC with 2 threads
INFO: [Vivado_Tcl 4-198] DRC finished with 0 Errors
INFO: [Vivado_Tcl 4-199] Please refer to the DRC report (report_drc) for more information.

Starting Placer Task
INFO: [Place 30-611] Multithreading enabled for place_design using a maximum of 2 CPUs

Phase 1 Placer Initialization

Phase 1.1 Placer Initialization Netlist Sorting
Netlist sorting complete. Time (s): cpu = 00:00:00 ; elapsed = 00:00:00.001 . Memory (MB): peak = 2643.293 ; gain = 0.000
Phase 1.1 Placer Initialization Netlist Sorting | Checksum: a433b957

Time (s): cpu = 00:00:00 ; elapsed = 00:00:00.182 . Memory (MB): peak = 2643.293 ; gain = 0.000
Netlist sorting complete. Time (s): cpu = 00:00:00 ; elapsed = 00:00:00.001 . Memory (MB): peak = 2643.293 ; gain = 0.000

Phase 1.2 IO Placement/ Clock Placement/ Build Placer Device
INFO: [Timing 38-35] Done setting XDC timing constraints.
Phase 1.2 IO Placement/ Clock Placement/ Build Placer Device | Checksum: 395e83a0

Time (s): cpu = 00:00:48 ; elapsed = 00:00:52 . Memory (MB): peak = 3422.047 ; gain = 778.754

Phase 1.3 Build Placer Netlist Model
Phase 1.3 Build Placer Netlist Model | Checksum: 5e323536

Time (s): cpu = 00:00:50 ; elapsed = 00:00:55 . Memory (MB): peak = 3422.047 ; gain = 778.754

Phase 1.4 Constrain Clocks/Macros
Phase 1.4 Constrain Clocks/Macros | Checksum: 5e323536

Time (s): cpu = 00:00:50 ; elapsed = 00:00:55 . Memory (MB): peak = 3422.047 ; gain = 778.754
Phase 1 Placer Initialization | Checksum: 5e323536

Time (s): cpu = 00:00:50 ; elapsed = 00:00:55 . Memory (MB): peak = 3422.047 ; gain = 778.754

Phase 2 Global Placement

Phase 2.1 Floorplanning
Phase 2.1 Floorplanning | Checksum: aefcaea9

Time (s): cpu = 00:00:51 ; elapsed = 00:00:56 . Memory (MB): peak = 3422.047 ; gain = 778.754

Phase 2.2 Physical Synthesis In Placer
INFO: [Physopt 32-65] No nets found for high-fanout optimization.
INFO: [Physopt 32-232] Optimized 0 net. Created 0 new instance.
INFO: [Physopt 32-775] End 1 Pass. Optimized 0 net or cell. Created 0 new cell, deleted 0 existing cell and moved 0 existing cell
Netlist sorting complete. Time (s): cpu = 00:00:00 ; elapsed = 00:00:00.001 . Memory (MB): peak = 3422.047 ; gain = 0.000

Summary of Physical Synthesis Optimizations
============================================


-----------------------------------------------------------------------------------------------------------------------------
|  Optimization       |  Added Cells  |  Removed Cells  |  Optimized Cells/Nets  |  Dont Touch  |  Iterations  |  Elapsed   |
-----------------------------------------------------------------------------------------------------------------------------
|  Very High Fanout   |            0  |              0  |                     0  |           0  |           1  |  00:00:00  |
|  Total              |            0  |              0  |                     0  |           0  |           1  |  00:00:00  |
-----------------------------------------------------------------------------------------------------------------------------


Phase 2.2 Physical Synthesis In Placer | Checksum: eca1734b

Time (s): cpu = 00:00:55 ; elapsed = 00:00:59 . Memory (MB): peak = 3422.047 ; gain = 778.754
Phase 2 Global Placement | Checksum: 1d458c08a

Time (s): cpu = 00:00:55 ; elapsed = 00:00:59 . Memory (MB): peak = 3422.047 ; gain = 778.754

Phase 3 Detail Placement

Phase 3.1 Commit Multi Column Macros
Phase 3.1 Commit Multi Column Macros | Checksum: 1d458c08a

Time (s): cpu = 00:00:55 ; elapsed = 00:00:59 . Memory (MB): peak = 3422.047 ; gain = 778.754

Phase 3.2 Commit Most Macros & LUTRAMs
Phase 3.2 Commit Most Macros & LUTRAMs | Checksum: 120a2b447

Time (s): cpu = 00:00:55 ; elapsed = 00:00:59 . Memory (MB): peak = 3422.047 ; gain = 778.754

Phase 3.3 Area Swap Optimization
Phase 3.3 Area Swap Optimization | Checksum: adc3cb7b

Time (s): cpu = 00:00:55 ; elapsed = 00:00:59 . Memory (MB): peak = 3422.047 ; gain = 778.754

Phase 3.4 Pipeline Register Optimization
Phase 3.4 Pipeline Register Optimization | Checksum: adc3cb7b

Time (s): cpu = 00:00:55 ; elapsed = 00:00:59 . Memory (MB): peak = 3422.047 ; gain = 778.754

Phase 3.5 Small Shape Clustering
Phase 3.5 Small Shape Clustering | Checksum: 15f4128d8

Time (s): cpu = 00:00:56 ; elapsed = 00:00:59 . Memory (MB): peak = 3422.047 ; gain = 778.754

Phase 3.6 DP Optimization
Phase 3.6 DP Optimization | Checksum: ea07c962

Time (s): cpu = 00:00:57 ; elapsed = 00:01:00 . Memory (MB): peak = 3422.047 ; gain = 778.754

Phase 3.7 Flow Legalize Slice Clusters
Phase 3.7 Flow Legalize Slice Clusters | Checksum: f059c781

Time (s): cpu = 00:00:57 ; elapsed = 00:01:00 . Memory (MB): peak = 3422.047 ; gain = 778.754

Phase 3.8 Slice Area Swap
Phase 3.8 Slice Area Swap | Checksum: 10027ec18

Time (s): cpu = 00:00:57 ; elapsed = 00:01:01 . Memory (MB): peak = 3422.047 ; gain = 778.754

Phase 3.9 Commit Slice Clusters
Phase 3.9 Commit Slice Clusters | Checksum: 1c6f1a429

Time (s): cpu = 00:00:58 ; elapsed = 00:01:01 . Memory (MB): peak = 3422.047 ; gain = 778.754

Phase 3.10 Re-assign LUT pins
Phase 3.10 Re-assign LUT pins | Checksum: 1c6f1a429

Time (s): cpu = 00:00:58 ; elapsed = 00:01:01 . Memory (MB): peak = 3422.047 ; gain = 778.754

Phase 3.11 Pipeline Register Optimization
Phase 3.11 Pipeline Register Optimization | Checksum: 1c6f1a429

Time (s): cpu = 00:00:58 ; elapsed = 00:01:01 . Memory (MB): peak = 3422.047 ; gain = 778.754
Phase 3 Detail Placement | Checksum: 1c6f1a429

Time (s): cpu = 00:00:58 ; elapsed = 00:01:01 . Memory (MB): peak = 3422.047 ; gain = 778.754

Phase 4 Post Placement Optimization and Clean-Up

Phase 4.1 Post Commit Optimization
INFO: [Timing 38-35] Done setting XDC timing constraints.

Phase 4.1.1 Post Placement Optimization
Post Placement Optimization Initialization | Checksum: 1493234ed

Phase 4.1.1.1 BUFG Insertion
INFO: [Place 46-31] BUFG insertion identified 0 candidate nets, 0 success, 0 skipped for placement/routing, 0 skipped for timing, 0 skipped for netlist change reason.
Phase 4.1.1.1 BUFG Insertion | Checksum: 1493234ed

Time (s): cpu = 00:00:59 ; elapsed = 00:01:02 . Memory (MB): peak = 3422.047 ; gain = 778.754
INFO: [Place 30-746] Post Placement Timing Summary WNS=996.737. For the most accurate timing information please run report_timing.
Phase 4.1.1 Post Placement Optimization | Checksum: 13541dae6

Time (s): cpu = 00:00:59 ; elapsed = 00:01:02 . Memory (MB): peak = 3422.047 ; gain = 778.754
Phase 4.1 Post Commit Optimization | Checksum: 13541dae6

Time (s): cpu = 00:00:59 ; elapsed = 00:01:02 . Memory (MB): peak = 3422.047 ; gain = 778.754

Phase 4.2 Post Placement Cleanup
Phase 4.2 Post Placement Cleanup | Checksum: 13541dae6

Time (s): cpu = 00:00:59 ; elapsed = 00:01:02 . Memory (MB): peak = 3422.047 ; gain = 778.754

Phase 4.3 Placer Reporting
Phase 4.3 Placer Reporting | Checksum: 1bc010d0e

Time (s): cpu = 00:01:05 ; elapsed = 00:01:09 . Memory (MB): peak = 3422.047 ; gain = 778.754

Phase 4.4 Final Placement Cleanup
Phase 4.4 Final Placement Cleanup | Checksum: 26293484d

Time (s): cpu = 00:01:05 ; elapsed = 00:01:09 . Memory (MB): peak = 3422.047 ; gain = 778.754
Phase 4 Post Placement Optimization and Clean-Up | Checksum: 26293484d

Time (s): cpu = 00:01:05 ; elapsed = 00:01:09 . Memory (MB): peak = 3422.047 ; gain = 778.754
Ending Placer Task | Checksum: 22db89d87

Time (s): cpu = 00:01:05 ; elapsed = 00:01:09 . Memory (MB): peak = 3422.047 ; gain = 778.754
INFO: [Common 17-83] Releasing license: Implementation
47 Infos, 0 Warnings, 0 Critical Warnings and 0 Errors encountered.
place_design completed successfully
place_design: Time (s): cpu = 00:01:16 ; elapsed = 00:01:15 . Memory (MB): peak = 3422.047 ; gain = 795.934
INFO: [Timing 38-480] Writing timing data to binary archive.
Writing placer database...
Writing XDEF routing.
Writing XDEF routing logical nets.
Writing XDEF routing special nets.
Write XDEF Complete: Time (s): cpu = 00:00:01 ; elapsed = 00:00:00.180 . Memory (MB): peak = 3422.047 ; gain = 0.000
INFO: [Common 17-1381] The checkpoint 'D:/EECE/4th_Year/Semester Two/Digital Electronics 2/Project/Vivado_Project/project_1/project_1.runs/impl_1/ffe_top_placed.dcp' has been generated.
INFO: [runtcl-4] Executing : report_io -file ffe_top_io_placed.rpt
report_io: Time (s): cpu = 00:00:00 ; elapsed = 00:00:00.222 . Memory (MB): peak = 3422.047 ; gain = 0.000
INFO: [runtcl-4] Executing : report_utilization -file ffe_top_utilization_placed.rpt -pb ffe_top_utilization_placed.pb
report_utilization: Time (s): cpu = 00:00:00 ; elapsed = 00:00:00.192 . Memory (MB): peak = 3422.047 ; gain = 0.000
INFO: [runtcl-4] Executing : report_control_sets -verbose -file ffe_top_control_sets_placed.rpt
report_control_sets: Time (s): cpu = 00:00:00 ; elapsed = 00:00:00.003 . Memory (MB): peak = 3422.047 ; gain = 0.000
Command: route_design
Attempting to get a license for feature 'Implementation' and/or device 'xczu7ev'
INFO: [Common 17-349] Got license for feature 'Implementation' and/or device 'xczu7ev'
Running DRC as a precondition to command route_design
INFO: [DRC 23-27] Running DRC with 2 threads
INFO: [Vivado_Tcl 4-198] DRC finished with 0 Errors
INFO: [Vivado_Tcl 4-199] Please refer to the DRC report (report_drc) for more information.


Starting Routing Task
INFO: [Route 35-254] Multithreading enabled for route_design using a maximum of 2 CPUs
Checksum: PlaceDB: cff2f431 ConstDB: 0 ShapeSum: d706772e RouteDB: 86bf3228

Phase 1 Build RT Design
Phase 1 Build RT Design | Checksum: dd22b5c1

Time (s): cpu = 00:01:38 ; elapsed = 00:01:19 . Memory (MB): peak = 3809.887 ; gain = 0.000
Post Restoration Checksum: NetGraph: 639d6d51 NumContArr: 75e89ffa Constraints: 32b091b0 Timing: 0

Phase 2 Router Initialization

Phase 2.1 Create Timer
Phase 2.1 Create Timer | Checksum: 10c369efb

Time (s): cpu = 00:01:38 ; elapsed = 00:01:19 . Memory (MB): peak = 3809.887 ; gain = 0.000

Phase 2.2 Fix Topology Constraints
Phase 2.2 Fix Topology Constraints | Checksum: 10c369efb

Time (s): cpu = 00:01:38 ; elapsed = 00:01:19 . Memory (MB): peak = 3809.887 ; gain = 0.000

Phase 2.3 Pre Route Cleanup
Phase 2.3 Pre Route Cleanup | Checksum: 10c369efb

Time (s): cpu = 00:01:38 ; elapsed = 00:01:19 . Memory (MB): peak = 3809.887 ; gain = 0.000

Phase 2.4 Global Clock Net Routing
 Number of Nodes with overlaps = 0
Phase 2.4 Global Clock Net Routing | Checksum: ff0f5704

Time (s): cpu = 00:01:40 ; elapsed = 00:01:22 . Memory (MB): peak = 3809.887 ; gain = 0.000

Phase 2.5 Update Timing
Phase 2.5 Update Timing | Checksum: 12ed3e81f

Time (s): cpu = 00:01:40 ; elapsed = 00:01:22 . Memory (MB): peak = 3809.887 ; gain = 0.000
INFO: [Route 35-416] Intermediate Timing Summary | WNS=996.828| TNS=0.000  | WHS=0.010  | THS=0.000  |

Phase 2 Router Initialization | Checksum: 14f24654f

Time (s): cpu = 00:01:41 ; elapsed = 00:01:22 . Memory (MB): peak = 3809.887 ; gain = 0.000

Phase 3 Initial Routing
Phase 3 Initial Routing | Checksum: 21ddd65e2

Time (s): cpu = 00:01:42 ; elapsed = 00:01:23 . Memory (MB): peak = 3809.887 ; gain = 0.000

Phase 4 Rip-up And Reroute

Phase 4.1 Global Iteration 0
 Number of Nodes with overlaps = 10
 Number of Nodes with overlaps = 0
INFO: [Route 35-416] Intermediate Timing Summary | WNS=996.291| TNS=0.000  | WHS=0.044  | THS=0.000  |

Phase 4.1 Global Iteration 0 | Checksum: 1d7edbab4

Time (s): cpu = 00:01:42 ; elapsed = 00:01:23 . Memory (MB): peak = 3809.887 ; gain = 0.000

Phase 4.2 Additional Iteration for Hold
Phase 4.2 Additional Iteration for Hold | Checksum: 1d7edbab4

Time (s): cpu = 00:01:42 ; elapsed = 00:01:23 . Memory (MB): peak = 3809.887 ; gain = 0.000
Phase 4 Rip-up And Reroute | Checksum: 1d7edbab4

Time (s): cpu = 00:01:42 ; elapsed = 00:01:23 . Memory (MB): peak = 3809.887 ; gain = 0.000

Phase 5 Delay and Skew Optimization

Phase 5.1 Delay CleanUp
Phase 5.1 Delay CleanUp | Checksum: 1d7edbab4

Time (s): cpu = 00:01:42 ; elapsed = 00:01:23 . Memory (MB): peak = 3809.887 ; gain = 0.000

Phase 5.2 Clock Skew Optimization
Phase 5.2 Clock Skew Optimization | Checksum: 1d7edbab4

Time (s): cpu = 00:01:42 ; elapsed = 00:01:23 . Memory (MB): peak = 3809.887 ; gain = 0.000
Phase 5 Delay and Skew Optimization | Checksum: 1d7edbab4

Time (s): cpu = 00:01:42 ; elapsed = 00:01:23 . Memory (MB): peak = 3809.887 ; gain = 0.000

Phase 6 Post Hold Fix

Phase 6.1 Hold Fix Iter

Phase 6.1.1 Update Timing
Phase 6.1.1 Update Timing | Checksum: 19d809502

Time (s): cpu = 00:01:42 ; elapsed = 00:01:23 . Memory (MB): peak = 3809.887 ; gain = 0.000
INFO: [Route 35-416] Intermediate Timing Summary | WNS=996.291| TNS=0.000  | WHS=0.044  | THS=0.000  |

Phase 6.1 Hold Fix Iter | Checksum: 19d809502

Time (s): cpu = 00:01:42 ; elapsed = 00:01:23 . Memory (MB): peak = 3809.887 ; gain = 0.000
Phase 6 Post Hold Fix | Checksum: 19d809502

Time (s): cpu = 00:01:43 ; elapsed = 00:01:23 . Memory (MB): peak = 3809.887 ; gain = 0.000

Phase 7 Route finalize

Router Utilization Summary
  Global Vertical Routing Utilization    = 0.0181001 %
  Global Horizontal Routing Utilization  = 0.0193666 %
  Routable Net Status*
  *Does not include unroutable nets such as driverless and loadless.
  Run report_route_status for detailed report.
  Number of Failed Nets               = 0
  Number of Unrouted Nets             = 0
  Number of Partially Routed Nets     = 0
  Number of Node Overlaps             = 0

Phase 7 Route finalize | Checksum: 19d809502

Time (s): cpu = 00:01:43 ; elapsed = 00:01:23 . Memory (MB): peak = 3809.887 ; gain = 0.000

Phase 8 Verifying routed nets

 Verification completed successfully
Phase 8 Verifying routed nets | Checksum: 19d809502

Time (s): cpu = 00:01:43 ; elapsed = 00:01:23 . Memory (MB): peak = 3809.887 ; gain = 0.000

Phase 9 Depositing Routes
Phase 9 Depositing Routes | Checksum: 19d809502

Time (s): cpu = 00:01:43 ; elapsed = 00:01:24 . Memory (MB): peak = 3809.887 ; gain = 0.000

Phase 10 Post Router Timing
INFO: [Route 35-57] Estimated Timing Summary | WNS=996.291| TNS=0.000  | WHS=0.044  | THS=0.000  |

INFO: [Route 35-327] The final timing numbers are based on the router estimated timing analysis. For a complete and accurate timing signoff, please run report_timing_summary.
Phase 10 Post Router Timing | Checksum: 19d809502

Time (s): cpu = 00:01:43 ; elapsed = 00:01:24 . Memory (MB): peak = 3809.887 ; gain = 0.000
INFO: [Route 35-16] Router Completed Successfully

Time (s): cpu = 00:01:43 ; elapsed = 00:01:24 . Memory (MB): peak = 3809.887 ; gain = 0.000

Routing Is Done.
INFO: [Common 17-83] Releasing license: Implementation
64 Infos, 0 Warnings, 0 Critical Warnings and 0 Errors encountered.
route_design completed successfully
route_design: Time (s): cpu = 00:01:54 ; elapsed = 00:01:31 . Memory (MB): peak = 3809.887 ; gain = 387.840
INFO: [Timing 38-480] Writing timing data to binary archive.
Writing placer database...
Writing XDEF routing.
Writing XDEF routing logical nets.
Writing XDEF routing special nets.
Write XDEF Complete: Time (s): cpu = 00:00:00 ; elapsed = 00:00:00.139 . Memory (MB): peak = 3809.887 ; gain = 0.000
INFO: [Common 17-1381] The checkpoint 'D:/EECE/4th_Year/Semester Two/Digital Electronics 2/Project/Vivado_Project/project_1/project_1.runs/impl_1/ffe_top_routed.dcp' has been generated.
INFO: [runtcl-4] Executing : report_drc -file ffe_top_drc_routed.rpt -pb ffe_top_drc_routed.pb -rpx ffe_top_drc_routed.rpx
Command: report_drc -file ffe_top_drc_routed.rpt -pb ffe_top_drc_routed.pb -rpx ffe_top_drc_routed.rpx
INFO: [DRC 23-27] Running DRC with 2 threads
INFO: [Coretcl 2-168] The results of DRC are in file D:/EECE/4th_Year/Semester Two/Digital Electronics 2/Project/Vivado_Project/project_1/project_1.runs/impl_1/ffe_top_drc_routed.rpt.
report_drc completed successfully
report_drc: Time (s): cpu = 00:00:11 ; elapsed = 00:00:07 . Memory (MB): peak = 4155.461 ; gain = 345.574
INFO: [runtcl-4] Executing : report_methodology -file ffe_top_methodology_drc_routed.rpt -pb ffe_top_methodology_drc_routed.pb -rpx ffe_top_methodology_drc_routed.rpx
Command: report_methodology -file ffe_top_methodology_drc_routed.rpt -pb ffe_top_methodology_drc_routed.pb -rpx ffe_top_methodology_drc_routed.rpx
INFO: [Timing 38-35] Done setting XDC timing constraints.
INFO: [Timing 38-35] Done setting XDC timing constraints.
INFO: [DRC 23-133] Running Methodology with 2 threads
INFO: [Coretcl 2-1520] The results of Report Methodology are in file D:/EECE/4th_Year/Semester Two/Digital Electronics 2/Project/Vivado_Project/project_1/project_1.runs/impl_1/ffe_top_methodology_drc_routed.rpt.
report_methodology completed successfully
INFO: [runtcl-4] Executing : report_power -file ffe_top_power_routed.rpt -pb ffe_top_power_summary_routed.pb -rpx ffe_top_power_routed.rpx
Command: report_power -file ffe_top_power_routed.rpt -pb ffe_top_power_summary_routed.pb -rpx ffe_top_power_routed.rpx
INFO: [Timing 38-35] Done setting XDC timing constraints.
Running Vector-less Activity Propagation...

Finished Running Vector-less Activity Propagation
76 Infos, 0 Warnings, 0 Critical Warnings and 0 Errors encountered.
report_power completed successfully
INFO: [runtcl-4] Executing : report_route_status -file ffe_top_route_status.rpt -pb ffe_top_route_status.pb
INFO: [runtcl-4] Executing : report_timing_summary -max_paths 10 -file ffe_top_timing_summary_routed.rpt -pb ffe_top_timing_summary_routed.pb -rpx ffe_top_timing_summary_routed.rpx -warn_on_violation 
INFO: [Timing 38-91] UpdateTimingParams: Speed grade: -2, Temperature grade: E, Delay Type: min_max, Timing Stage: Requireds.
INFO: [Timing 38-191] Multithreading enabled for timing update using a maximum of 2 CPUs
INFO: [runtcl-4] Executing : report_incremental_reuse -file ffe_top_incremental_reuse_routed.rpt
INFO: [Vivado_Tcl 4-545] No incremental reuse to report, no incremental placement and routing data was found.
INFO: [runtcl-4] Executing : report_clock_utilization -file ffe_top_clock_utilization_routed.rpt
report_clock_utilization: Time (s): cpu = 00:00:05 ; elapsed = 00:00:05 . Memory (MB): peak = 4155.461 ; gain = 0.000
INFO: [runtcl-4] Executing : report_bus_skew -warn_on_violation -file ffe_top_bus_skew_routed.rpt -pb ffe_top_bus_skew_routed.pb -rpx ffe_top_bus_skew_routed.rpx
INFO: [Timing 38-91] UpdateTimingParams: Speed grade: -2, Temperature grade: E, Delay Type: min_max, Timing Stage: Requireds.
INFO: [Timing 38-191] Multithreading enabled for timing update using a maximum of 2 CPUs
INFO: [Common 17-206] Exiting Vivado at Wed May 17 00:26:56 2023...
