
                                 Formality (R)

               Version L-2016.03-SP1 for linux64 - Apr 13, 2016 

                    Copyright (c) 1988 - 2016 Synopsys, Inc.
   This software and the associated documentation are proprietary to Synopsys,
 Inc. This software may only be used in accordance with the terms and conditions
 of a written license agreement with Synopsys, Inc. All other use, reproduction,
            or distribution of this software is strictly prohibited.

  ** Highlights of Formality (R) Version L-2016.03 **
   - New alternate verification strategies for resolving inconclusive verifications
   - Automation for deploying alternate strategies
   - New command to export the mapping of reference to implementation registers
   - New capability to combine PG and low power information from db libraries with Verilog functional models

   * Please refer to the Formality Release Notes for details and additional enhancements

Build: 4031317
Hostname: IC (RHEL64)
Current time: Sat Jul 30 08:10:53 2022

Loading db file '/opt/Synopsys/Formality2016/libraries/syn/gtech.db'
############################## Formality Setup File ##############################
set SSLIB "/home/IC/Labs/Lab_Formal_1/std_cells/scmetro_tsmc_cl013g_rvt_ss_1p08v_125c.db"
/home/IC/Labs/Lab_Formal_1/std_cells/scmetro_tsmc_cl013g_rvt_ss_1p08v_125c.db
set TTLIB "/home/IC/Labs/Lab_Formal_1/std_cells/scmetro_tsmc_cl013g_rvt_tt_1p2v_25c.db"
/home/IC/Labs/Lab_Formal_1/std_cells/scmetro_tsmc_cl013g_rvt_tt_1p2v_25c.db
set FFLIB "/home/IC/Labs/Lab_Formal_1/std_cells/scmetro_tsmc_cl013g_rvt_ff_1p32v_m40c.db"
/home/IC/Labs/Lab_Formal_1/std_cells/scmetro_tsmc_cl013g_rvt_ff_1p32v_m40c.db
## Read Reference Design Files
read_verilog -container Ref "/home/IC/Labs/Lab_Formal_1/rtl/ALU.v"
No target library specified, default is WORK
Loading verilog file '/home/IC/Labs/Lab_Formal_1/rtl/ALU.v'
Created container 'Ref'
Current container set to 'Ref'
1
## set the top Reference Design 
set_reference_design ALU
Reference design set to 'Ref:/WORK/ALU'
1
set_top ALU
Setting top design to 'Ref:/WORK/ALU'
Status:   Elaborating design ALU   ...  
Status:  Implementing inferred operators...
Top design successfully set to 'Ref:/WORK/ALU'
Reference design set to 'Ref:/WORK/ALU'
1
## Read Implementation technology libraries
read_db -container Imp [list $SSLIB $TTLIB $FFLIB]
Loading db file '/home/IC/Labs/Lab_Formal_1/std_cells/scmetro_tsmc_cl013g_rvt_ss_1p08v_125c.db'
Created container 'Imp'
Current container set to 'Imp'
Loading db file '/home/IC/Labs/Lab_Formal_1/std_cells/scmetro_tsmc_cl013g_rvt_tt_1p2v_25c.db'
Loading db file '/home/IC/Labs/Lab_Formal_1/std_cells/scmetro_tsmc_cl013g_rvt_ff_1p32v_m40c.db'
1
## Read Implementation Design Files
read_verilog -container Imp -netlist "/home/IC/Labs/Lab_Formal_1/syn/ALU.v"
No target library specified, default is WORK
Loading verilog file '/home/IC/Labs/Lab_Formal_1/syn/ALU.v'
1
## set the top Implementation Design
set_implementation_design ALU
Implementation design set to 'Imp:/WORK/ALU'
1
set_top ALU
Setting top design to 'Imp:/WORK/ALU'
Status:  Implementing inferred operators...

************ Library Checking Summary ************
Warning:  3 unlinked power cell(s) with unread pg pins.
        Use 'report_libraries -defects all' for more details.
**************************************************

Top design successfully set to 'Imp:/WORK/ALU'
Implementation design set to 'Imp:/WORK/ALU'
1
## matching Compare points
match
Reference design is 'Ref:/WORK/ALU'
Implementation design is 'Imp:/WORK/ALU'
Status:  Checking designs...
    Warning: 0 (37) undriven nets found in reference (implementation) design; see formality1.log for list (FM-399)
Status:  Building verification models...
Status:  Matching...
    
*********************************** Matching Results ***********************************    
 37 Compare points matched by name    
 0 Compare points matched by signature analysis    
 0 Compare points matched by topology    
 38 Matched primary inputs, black-box outputs    
 0(0) Unmatched reference(implementation) compare points    
 0(0) Unmatched reference(implementation) primary inputs, black-box outputs    
****************************************************************************************

1
## verify
set successful [verify]
Reference design is 'Ref:/WORK/ALU'
Implementation design is 'Imp:/WORK/ALU'
    
*********************************** Matching Results ***********************************    
 37 Compare points matched by name    
 0 Compare points matched by signature analysis    
 0 Compare points matched by topology    
 38 Matched primary inputs, black-box outputs    
 0(0) Unmatched reference(implementation) compare points    
 0(0) Unmatched reference(implementation) primary inputs, black-box outputs    
****************************************************************************************

Status:  Verifying...
    
Status:  Matching hierarchy...
    
.
    
Status:  Verifying...

********************************* Verification Results *********************************
Verification SUCCEEDED
----------------------
 Reference design: Ref:/WORK/ALU
 Implementation design: Imp:/WORK/ALU
 37 Passing compare points
----------------------------------------------------------------------------------------
Matched Compare Points     BBPin    Loop   BBNet     Cut    Port     DFF     LAT   TOTAL
----------------------------------------------------------------------------------------
Passing (equivalent)           0       0       0       0      20      16       1      37
Failing (not equivalent)       0       0       0       0       0       0       0       0
****************************************************************************************
Info:  Formality Guide Files (SVF) might improve the performance of this verification.
1
if {!$successful} {
diagnose
analyze_points -failing
}
#Reports
report_passing_points > "passing_points.rpt"
report_failing_points > "failing_points.rpt"
report_aborted_points > "aborted_points.rpt"
report_unverified_points > "unverified_points.rpt"
start_gui
     1  source -echo -verbose fm_script.tcl
1
1
fm_shell (verify)> 