 
****************************************
Report : area
Design : UART
Version: K-2015.06
Date   : Fri Aug 12 21:07:31 2022
****************************************

Library(s) Used:

    scmetro_tsmc_cl013g_rvt_ss_1p08v_125c (File: /home/IC/Labs/Ass_Syn_2.0/std_cells/scmetro_tsmc_cl013g_rvt_ss_1p08v_125c.db)

Number of ports:                          273
Number of nets:                           680
Number of cells:                          424
Number of combinational cells:            360
Number of sequential cells:                48
Number of macros/black boxes:               0
Number of buf/inv:                        143
Number of references:                      11

Combinational area:               3295.936713
Buf/Inv area:                     1170.816487
Noncombinational area:            1636.789680
Macro/Black Box area:                0.000000
Net Interconnect area:          139860.699463

Total cell area:                  4932.726393
Total area:                     144793.425856

Hierarchical area distribution
------------------------------

                                  Global cell area          Local cell area
                                  ------------------  ---------------------------- 
Hierarchical cell                 Absolute   Percent  Combi-     Noncombi-  Black-
                                  Total      Total    national   national   boxes   Design
--------------------------------  ---------  -------  ---------  ---------  ------  -----------------------
UART                              4932.7264    100.0    96.4894     0.0000  0.0000  UART
U0_Rx_clk_mux                       15.2971      0.3    15.2971     0.0000  0.0000  mux_2X1_2
U0_Tx_clk_mux                       15.2971      0.3    15.2971     0.0000  0.0000  mux_2X1_0
U0_UART_Tx                        1204.9408     24.4     0.0000     0.0000  0.0000  UART_Tx_test_1
U0_UART_Tx/U0                      295.3517      6.0   160.0312   135.3205  0.0000  UART_Tx_FSM_test_1
U0_UART_Tx/U1                      638.9481     13.0   229.4565   409.4916  0.0000  serializer_test_1
U0_UART_Tx/U2                      132.9671      2.7    98.8428    34.1243  0.0000  Parity_Calc_test_1
U0_UART_Tx/U3                      137.6739      2.8   104.7263    32.9476  0.0000  MUX_8x1_test_1
U0_rst_mux                          15.2971      0.3    15.2971     0.0000  0.0000  mux_2X1_1
U1_UART_Rx                        3585.4049     72.7   527.1616     0.0000  0.0000  UART_Rx_test_1
U1_UART_Rx/U0_FSM                  930.7697     18.9   791.9191   138.8506  0.0000  UART_Rx_FSM_test_1
U1_UART_Rx/U1_Sampler              564.8160     11.5   462.4431   102.3729  0.0000  data_sampling_test_1
U1_UART_Rx/U2_Deserializer         430.6722      8.7   137.6739   292.9983  0.0000  deserializer_test_1
U1_UART_Rx/U3_Counter              874.2881     17.7   500.0975   374.1906  0.0000  edge_bit_counter_test_1
U1_UART_Rx/U4_Parity               151.7943      3.1   112.9632    38.8311  0.0000  parity_check_test_1
U1_UART_Rx/U5_Start                 50.5981      1.0    11.7670    38.8311  0.0000  start_check_test_1
U1_UART_Rx/U6_Stop                  55.3049      1.1    16.4738    38.8311  0.0000  stop_check_test_1
--------------------------------  ---------  -------  ---------  ---------  ------  -----------------------
Total                                                 3295.9367  1636.7897  0.0000

1
