                                        
                           Design Compiler Graphical 
                                 DC Ultra (TM)
                                  DFTMAX (TM)
                              Power Compiler (TM)
                                 DesignWare (R)
                                 DC Expert (TM)
                               Design Vision (TM)
                               HDL Compiler (TM)
                               VHDL Compiler (TM)
                                  DFT Compiler
                               Design Compiler(R)
                                        
                 Version K-2015.06 for linux64 - May 28, 2015 
                                        
                    Copyright (c) 1988 - 2015 Synopsys, Inc.
   This software and the associated documentation are proprietary to Synopsys,
 Inc. This software may only be used in accordance with the terms and conditions
 of a written license agreement with Synopsys, Inc. All other use, reproduction,
            or distribution of this software is strictly prohibited.
Initializing...
Initializing gui preferences from file  /home/IC/.synopsys_dv_prefs.tcl
define_design_lib work -path ./work
1
set_svf UART.svf
1
puts "###########################################"
###########################################
puts "#      #setting Design Libraries           #"
#      #setting Design Libraries           #
puts "###########################################"
###########################################
################## Design Compiler Library Files ######################
lappend search_path /home/IC/Labs/Ass_Syn_2.0/std_cells
. /opt/Synopsys/Synplify2015/libraries/syn /opt/Synopsys/Synplify2015/minpower/syn /opt/Synopsys/Synplify2015/dw/syn_ver /opt/Synopsys/Synplify2015/dw/sim_ver /home/IC/Labs/Ass_Syn_2.0/std_cells
lappend search_path /home/IC/Labs/Ass_Syn_2.0/rtl
. /opt/Synopsys/Synplify2015/libraries/syn /opt/Synopsys/Synplify2015/minpower/syn /opt/Synopsys/Synplify2015/dw/syn_ver /opt/Synopsys/Synplify2015/dw/sim_ver /home/IC/Labs/Ass_Syn_2.0/std_cells /home/IC/Labs/Ass_Syn_2.0/rtl
lappend search_path /home/IC/Labs/Ass_Syn_2.0/rtl/UART_TX
. /opt/Synopsys/Synplify2015/libraries/syn /opt/Synopsys/Synplify2015/minpower/syn /opt/Synopsys/Synplify2015/dw/syn_ver /opt/Synopsys/Synplify2015/dw/sim_ver /home/IC/Labs/Ass_Syn_2.0/std_cells /home/IC/Labs/Ass_Syn_2.0/rtl /home/IC/Labs/Ass_Syn_2.0/rtl/UART_TX
lappend search_path /home/IC/Labs/Ass_Syn_2.0/rtl/UART_RX
. /opt/Synopsys/Synplify2015/libraries/syn /opt/Synopsys/Synplify2015/minpower/syn /opt/Synopsys/Synplify2015/dw/syn_ver /opt/Synopsys/Synplify2015/dw/sim_ver /home/IC/Labs/Ass_Syn_2.0/std_cells /home/IC/Labs/Ass_Syn_2.0/rtl /home/IC/Labs/Ass_Syn_2.0/rtl/UART_TX /home/IC/Labs/Ass_Syn_2.0/rtl/UART_RX
lappend search_path /home/IC/Labs/Ass_Syn_2.0/rtl/UART_TOP
. /opt/Synopsys/Synplify2015/libraries/syn /opt/Synopsys/Synplify2015/minpower/syn /opt/Synopsys/Synplify2015/dw/syn_ver /opt/Synopsys/Synplify2015/dw/sim_ver /home/IC/Labs/Ass_Syn_2.0/std_cells /home/IC/Labs/Ass_Syn_2.0/rtl /home/IC/Labs/Ass_Syn_2.0/rtl/UART_TX /home/IC/Labs/Ass_Syn_2.0/rtl/UART_RX /home/IC/Labs/Ass_Syn_2.0/rtl/UART_TOP
set SSLIB "scmetro_tsmc_cl013g_rvt_ss_1p08v_125c.db"
scmetro_tsmc_cl013g_rvt_ss_1p08v_125c.db
set TTLIB "scmetro_tsmc_cl013g_rvt_tt_1p2v_25c.db"
scmetro_tsmc_cl013g_rvt_tt_1p2v_25c.db
set FFLIB "scmetro_tsmc_cl013g_rvt_ff_1p32v_m40c.db"
scmetro_tsmc_cl013g_rvt_ff_1p32v_m40c.db
## Standard Cell libraries 
set target_library [list $SSLIB $TTLIB $FFLIB]
scmetro_tsmc_cl013g_rvt_ss_1p08v_125c.db scmetro_tsmc_cl013g_rvt_tt_1p2v_25c.db scmetro_tsmc_cl013g_rvt_ff_1p32v_m40c.db
## Standard Cell & Hard Macros libraries 
set link_library [list * $SSLIB $TTLIB $FFLIB]  
* scmetro_tsmc_cl013g_rvt_ss_1p08v_125c.db scmetro_tsmc_cl013g_rvt_tt_1p2v_25c.db scmetro_tsmc_cl013g_rvt_ff_1p32v_m40c.db
puts "###########################################"
###########################################
puts "#             Reading RTL Files           #"
#             Reading RTL Files           #
puts "###########################################"
###########################################
#echo "###############################################"
#echo "############# Reading RTL Files  ##############"
#echo "###############################################"
#TX
read_file -format verilog MUX_8x1.v
Loading db file '/home/IC/Labs/Ass_Syn_2.0/std_cells/scmetro_tsmc_cl013g_rvt_ss_1p08v_125c.db'
Loading db file '/home/IC/Labs/Ass_Syn_2.0/std_cells/scmetro_tsmc_cl013g_rvt_tt_1p2v_25c.db'
Loading db file '/home/IC/Labs/Ass_Syn_2.0/std_cells/scmetro_tsmc_cl013g_rvt_ff_1p32v_m40c.db'
Loading db file '/opt/Synopsys/Synplify2015/libraries/syn/gtech.db'
Loading db file '/opt/Synopsys/Synplify2015/libraries/syn/standard.sldb'
  Loading link library 'scmetro_tsmc_cl013g_rvt_ss_1p08v_125c'
  Loading link library 'scmetro_tsmc_cl013g_rvt_tt_1p2v_25c'
  Loading link library 'scmetro_tsmc_cl013g_rvt_ff_1p32v_m40c'
  Loading link library 'gtech'
Loading verilog file '/home/IC/Labs/Ass_Syn_2.0/rtl/UART_TX/MUX_8x1.v'
Detecting input file type automatically (-rtl or -netlist).
Reading with Presto HDL Compiler (equivalent to -rtl option).
Running PRESTO HDLC
Compiling source file /home/IC/Labs/Ass_Syn_2.0/rtl/UART_TX/MUX_8x1.v

Inferred memory devices in process
	in routine MUX_8x1 line 9 in file
		'/home/IC/Labs/Ass_Syn_2.0/rtl/UART_TX/MUX_8x1.v'.
===============================================================================
|    Register Name    |   Type    | Width | Bus | MB | AR | AS | SR | SS | ST |
===============================================================================
|       out_reg       | Flip-flop |   1   |  N  | N  | N  | Y  | N  | N  | N  |
===============================================================================
Statistics for MUX_OPs
===========================================================
| block name/line  | Inputs | Outputs | # sel inputs | MB |
===========================================================
|    MUX_8x1/22    |   8    |    1    |      3       | N  |
===========================================================
Presto compilation completed successfully.
Current design is now '/home/IC/Labs/Ass_Syn_2.0/rtl/UART_TX/MUX_8x1.db:MUX_8x1'
Loaded 1 design.
Current design is 'MUX_8x1'.
MUX_8x1
read_file -format verilog Parity_Calc.v
Loading verilog file '/home/IC/Labs/Ass_Syn_2.0/rtl/UART_TX/Parity_Calc.v'
Detecting input file type automatically (-rtl or -netlist).
Reading with Presto HDL Compiler (equivalent to -rtl option).
Running PRESTO HDLC
Compiling source file /home/IC/Labs/Ass_Syn_2.0/rtl/UART_TX/Parity_Calc.v

Inferred memory devices in process
	in routine Parity_Calc line 13 in file
		'/home/IC/Labs/Ass_Syn_2.0/rtl/UART_TX/Parity_Calc.v'.
===============================================================================
|    Register Name    |   Type    | Width | Bus | MB | AR | AS | SR | SS | ST |
===============================================================================
|  parity_result_reg  | Flip-flop |   1   |  N  | N  | Y  | N  | N  | N  | N  |
===============================================================================
Presto compilation completed successfully.
Current design is now '/home/IC/Labs/Ass_Syn_2.0/rtl/UART_TX/Parity_Calc.db:Parity_Calc'
Loaded 1 design.
Current design is 'Parity_Calc'.
Parity_Calc
read_file -format verilog serializer.v
Loading verilog file '/home/IC/Labs/Ass_Syn_2.0/rtl/UART_TX/serializer.v'
Detecting input file type automatically (-rtl or -netlist).
Reading with Presto HDL Compiler (equivalent to -rtl option).
Running PRESTO HDLC
Compiling source file /home/IC/Labs/Ass_Syn_2.0/rtl/UART_TX/serializer.v

Inferred memory devices in process
	in routine serializer line 13 in file
		'/home/IC/Labs/Ass_Syn_2.0/rtl/UART_TX/serializer.v'.
===============================================================================
|    Register Name    |   Type    | Width | Bus | MB | AR | AS | SR | SS | ST |
===============================================================================
|      done_reg       | Flip-flop |   1   |  N  | N  | Y  | N  | N  | N  | N  |
===============================================================================

Inferred memory devices in process
	in routine serializer line 26 in file
		'/home/IC/Labs/Ass_Syn_2.0/rtl/UART_TX/serializer.v'.
===============================================================================
|    Register Name    |   Type    | Width | Bus | MB | AR | AS | SR | SS | ST |
===============================================================================
|     counter_reg     | Flip-flop |   3   |  Y  | N  | Y  | N  | N  | N  | N  |
===============================================================================

Inferred memory devices in process
	in routine serializer line 38 in file
		'/home/IC/Labs/Ass_Syn_2.0/rtl/UART_TX/serializer.v'.
===============================================================================
|    Register Name    |   Type    | Width | Bus | MB | AR | AS | SR | SS | ST |
===============================================================================
|    shift_reg_reg    | Flip-flop |   8   |  Y  | N  | Y  | N  | N  | N  | N  |
===============================================================================
Presto compilation completed successfully.
Current design is now '/home/IC/Labs/Ass_Syn_2.0/rtl/UART_TX/serializer.db:serializer'
Loaded 1 design.
Current design is 'serializer'.
serializer
read_file -format verilog UART_Tx_FSM.v
Loading verilog file '/home/IC/Labs/Ass_Syn_2.0/rtl/UART_TX/UART_Tx_FSM.v'
Detecting input file type automatically (-rtl or -netlist).
Reading with Presto HDL Compiler (equivalent to -rtl option).
Running PRESTO HDLC
Compiling source file /home/IC/Labs/Ass_Syn_2.0/rtl/UART_TX/UART_Tx_FSM.v

Statistics for case statements in always block at line 48 in file
	'/home/IC/Labs/Ass_Syn_2.0/rtl/UART_TX/UART_Tx_FSM.v'
===============================================
|           Line           |  full/ parallel  |
===============================================
|            52            |    auto/auto     |
===============================================

Inferred memory devices in process
	in routine UART_Tx_FSM line 23 in file
		'/home/IC/Labs/Ass_Syn_2.0/rtl/UART_TX/UART_Tx_FSM.v'.
===============================================================================
|    Register Name    |   Type    | Width | Bus | MB | AR | AS | SR | SS | ST |
===============================================================================
|  current_state_reg  | Flip-flop |   3   |  Y  | N  | Y  | N  | N  | N  | N  |
===============================================================================

Inferred memory devices in process
	in routine UART_Tx_FSM line 35 in file
		'/home/IC/Labs/Ass_Syn_2.0/rtl/UART_TX/UART_Tx_FSM.v'.
===============================================================================
|    Register Name    |   Type    | Width | Bus | MB | AR | AS | SR | SS | ST |
===============================================================================
|      busy_reg       | Flip-flop |   1   |  N  | N  | Y  | N  | N  | N  | N  |
===============================================================================
Presto compilation completed successfully.
Current design is now '/home/IC/Labs/Ass_Syn_2.0/rtl/UART_TX/UART_Tx_FSM.db:UART_Tx_FSM'
Loaded 1 design.
Current design is 'UART_Tx_FSM'.
UART_Tx_FSM
read_file -format verilog UART_Tx.v
Loading verilog file '/home/IC/Labs/Ass_Syn_2.0/rtl/UART_TX/UART_Tx.v'
Detecting input file type automatically (-rtl or -netlist).
Reading with Presto HDL Compiler (equivalent to -rtl option).
Running PRESTO HDLC
Compiling source file /home/IC/Labs/Ass_Syn_2.0/rtl/UART_TX/UART_Tx.v
Presto compilation completed successfully.
Current design is now '/home/IC/Labs/Ass_Syn_2.0/rtl/UART_TX/UART_Tx.db:UART_Tx'
Loaded 1 design.
Current design is 'UART_Tx'.
UART_Tx
#RX
read_file -format verilog data_sampling.v
Loading verilog file '/home/IC/Labs/Ass_Syn_2.0/rtl/UART_RX/data_sampling.v'
Detecting input file type automatically (-rtl or -netlist).
Reading with Presto HDL Compiler (equivalent to -rtl option).
Running PRESTO HDLC
Compiling source file /home/IC/Labs/Ass_Syn_2.0/rtl/UART_RX/data_sampling.v

Inferred memory devices in process
	in routine data_sampling line 12 in file
		'/home/IC/Labs/Ass_Syn_2.0/rtl/UART_RX/data_sampling.v'.
===============================================================================
|    Register Name    |   Type    | Width | Bus | MB | AR | AS | SR | SS | ST |
===============================================================================
|     sample2_reg     | Flip-flop |   1   |  N  | N  | Y  | N  | N  | N  | N  |
|     sample3_reg     | Flip-flop |   1   |  N  | N  | Y  | N  | N  | N  | N  |
|     sample1_reg     | Flip-flop |   1   |  N  | N  | Y  | N  | N  | N  | N  |
===============================================================================
Presto compilation completed successfully.
Current design is now '/home/IC/Labs/Ass_Syn_2.0/rtl/UART_RX/data_sampling.db:data_sampling'
Loaded 1 design.
Current design is 'data_sampling'.
data_sampling
read_file -format verilog deserializer.v
Loading verilog file '/home/IC/Labs/Ass_Syn_2.0/rtl/UART_RX/deserializer.v'
Detecting input file type automatically (-rtl or -netlist).
Reading with Presto HDL Compiler (equivalent to -rtl option).
Running PRESTO HDLC
Compiling source file /home/IC/Labs/Ass_Syn_2.0/rtl/UART_RX/deserializer.v

Inferred memory devices in process
	in routine deserializer line 10 in file
		'/home/IC/Labs/Ass_Syn_2.0/rtl/UART_RX/deserializer.v'.
===============================================================================
|    Register Name    |   Type    | Width | Bus | MB | AR | AS | SR | SS | ST |
===============================================================================
|    shift_reg_reg    | Flip-flop |   8   |  Y  | N  | Y  | N  | N  | N  | N  |
===============================================================================
Presto compilation completed successfully.
Current design is now '/home/IC/Labs/Ass_Syn_2.0/rtl/UART_RX/deserializer.db:deserializer'
Loaded 1 design.
Current design is 'deserializer'.
deserializer
read_file -format verilog edge_bit_counter.v
Loading verilog file '/home/IC/Labs/Ass_Syn_2.0/rtl/UART_RX/edge_bit_counter.v'
Detecting input file type automatically (-rtl or -netlist).
Reading with Presto HDL Compiler (equivalent to -rtl option).
Running PRESTO HDLC
Compiling source file /home/IC/Labs/Ass_Syn_2.0/rtl/UART_RX/edge_bit_counter.v

Inferred memory devices in process
	in routine edge_bit_counter line 12 in file
		'/home/IC/Labs/Ass_Syn_2.0/rtl/UART_RX/edge_bit_counter.v'.
===============================================================================
|    Register Name    |   Type    | Width | Bus | MB | AR | AS | SR | SS | ST |
===============================================================================
|  edge_counter_reg   | Flip-flop |   6   |  Y  | N  | Y  | N  | N  | N  | N  |
|   bit_counter_reg   | Flip-flop |   4   |  Y  | N  | Y  | N  | N  | N  | N  |
===============================================================================
Presto compilation completed successfully.
Current design is now '/home/IC/Labs/Ass_Syn_2.0/rtl/UART_RX/edge_bit_counter.db:edge_bit_counter'
Loaded 1 design.
Current design is 'edge_bit_counter'.
edge_bit_counter
read_file -format verilog parity_check.v
Loading verilog file '/home/IC/Labs/Ass_Syn_2.0/rtl/UART_RX/parity_check.v'
Detecting input file type automatically (-rtl or -netlist).
Reading with Presto HDL Compiler (equivalent to -rtl option).
Running PRESTO HDLC
Compiling source file /home/IC/Labs/Ass_Syn_2.0/rtl/UART_RX/parity_check.v

Statistics for case statements in always block at line 26 in file
	'/home/IC/Labs/Ass_Syn_2.0/rtl/UART_RX/parity_check.v'
===============================================
|           Line           |  full/ parallel  |
===============================================
|            30            |    auto/auto     |
===============================================

Inferred memory devices in process
	in routine parity_check line 14 in file
		'/home/IC/Labs/Ass_Syn_2.0/rtl/UART_RX/parity_check.v'.
===============================================================================
|    Register Name    |   Type    | Width | Bus | MB | AR | AS | SR | SS | ST |
===============================================================================
|  parity_error_reg   | Flip-flop |   1   |  N  | N  | Y  | N  | N  | N  | N  |
===============================================================================
Presto compilation completed successfully.
Current design is now '/home/IC/Labs/Ass_Syn_2.0/rtl/UART_RX/parity_check.db:parity_check'
Loaded 1 design.
Current design is 'parity_check'.
parity_check
read_file -format verilog stop_check.v
Loading verilog file '/home/IC/Labs/Ass_Syn_2.0/rtl/UART_RX/stop_check.v'
Detecting input file type automatically (-rtl or -netlist).
Reading with Presto HDL Compiler (equivalent to -rtl option).
Running PRESTO HDLC
Compiling source file /home/IC/Labs/Ass_Syn_2.0/rtl/UART_RX/stop_check.v

Inferred memory devices in process
	in routine stop_check line 9 in file
		'/home/IC/Labs/Ass_Syn_2.0/rtl/UART_RX/stop_check.v'.
===============================================================================
|    Register Name    |   Type    | Width | Bus | MB | AR | AS | SR | SS | ST |
===============================================================================
|   stop_error_reg    | Flip-flop |   1   |  N  | N  | Y  | N  | N  | N  | N  |
===============================================================================
Presto compilation completed successfully.
Current design is now '/home/IC/Labs/Ass_Syn_2.0/rtl/UART_RX/stop_check.db:stop_check'
Loaded 1 design.
Current design is 'stop_check'.
stop_check
read_file -format verilog start_check.v
Loading verilog file '/home/IC/Labs/Ass_Syn_2.0/rtl/UART_RX/start_check.v'
Detecting input file type automatically (-rtl or -netlist).
Reading with Presto HDL Compiler (equivalent to -rtl option).
Running PRESTO HDLC
Compiling source file /home/IC/Labs/Ass_Syn_2.0/rtl/UART_RX/start_check.v

Inferred memory devices in process
	in routine start_check line 9 in file
		'/home/IC/Labs/Ass_Syn_2.0/rtl/UART_RX/start_check.v'.
===============================================================================
|    Register Name    |   Type    | Width | Bus | MB | AR | AS | SR | SS | ST |
===============================================================================
|     glitch_reg      | Flip-flop |   1   |  N  | N  | Y  | N  | N  | N  | N  |
===============================================================================
Presto compilation completed successfully.
Current design is now '/home/IC/Labs/Ass_Syn_2.0/rtl/UART_RX/start_check.db:start_check'
Loaded 1 design.
Current design is 'start_check'.
start_check
read_file -format verilog UART_Rx.v
Loading verilog file '/home/IC/Labs/Ass_Syn_2.0/rtl/UART_RX/UART_Rx.v'
Detecting input file type automatically (-rtl or -netlist).
Running DC verilog reader
Performing 'read' command.
Compiling source file /home/IC/Labs/Ass_Syn_2.0/rtl/UART_RX/UART_Rx.v
Reading with netlist reader (equivalent to -netlist option).
Verilog netlist reader completed successfully.
Current design is now '/home/IC/Labs/Ass_Syn_2.0/rtl/UART_RX/UART_Rx.db:UART_Rx'
Loaded 1 design.
Current design is 'UART_Rx'.
UART_Rx
read_file -format verilog UART_Rx_FSM.v
Loading verilog file '/home/IC/Labs/Ass_Syn_2.0/rtl/UART_RX/UART_Rx_FSM.v'
Detecting input file type automatically (-rtl or -netlist).
Reading with Presto HDL Compiler (equivalent to -rtl option).
Running PRESTO HDLC
Compiling source file /home/IC/Labs/Ass_Syn_2.0/rtl/UART_RX/UART_Rx_FSM.v

Statistics for case statements in always block at line 57 in file
	'/home/IC/Labs/Ass_Syn_2.0/rtl/UART_RX/UART_Rx_FSM.v'
===============================================
|           Line           |  full/ parallel  |
===============================================
|            61            |    auto/auto     |
===============================================

Inferred memory devices in process
	in routine UART_Rx_FSM line 31 in file
		'/home/IC/Labs/Ass_Syn_2.0/rtl/UART_RX/UART_Rx_FSM.v'.
===============================================================================
|    Register Name    |   Type    | Width | Bus | MB | AR | AS | SR | SS | ST |
===============================================================================
|  current_state_reg  | Flip-flop |   3   |  Y  | N  | Y  | N  | N  | N  | N  |
===============================================================================

Inferred memory devices in process
	in routine UART_Rx_FSM line 44 in file
		'/home/IC/Labs/Ass_Syn_2.0/rtl/UART_RX/UART_Rx_FSM.v'.
===============================================================================
|    Register Name    |   Type    | Width | Bus | MB | AR | AS | SR | SS | ST |
===============================================================================
|   data_valid_reg    | Flip-flop |   1   |  N  | N  | Y  | N  | N  | N  | N  |
===============================================================================
Presto compilation completed successfully.
Current design is now '/home/IC/Labs/Ass_Syn_2.0/rtl/UART_RX/UART_Rx_FSM.db:UART_Rx_FSM'
Loaded 1 design.
Current design is 'UART_Rx_FSM'.
UART_Rx_FSM
#UART TOP
read_file -format verilog UART_TOP/mux_2X1.v
Loading verilog file '/home/IC/Labs/Ass_Syn_2.0/rtl/UART_TOP/mux_2X1.v'
Detecting input file type automatically (-rtl or -netlist).
Reading with Presto HDL Compiler (equivalent to -rtl option).
Running PRESTO HDLC
Compiling source file /home/IC/Labs/Ass_Syn_2.0/rtl/UART_TOP/mux_2X1.v
Presto compilation completed successfully.
Current design is now '/home/IC/Labs/Ass_Syn_2.0/rtl/UART_TOP/mux_2X1.db:mux_2X1'
Loaded 1 design.
Current design is 'mux_2X1'.
mux_2X1
read_file -format verilog UART_TOP/UART.v
Loading verilog file '/home/IC/Labs/Ass_Syn_2.0/rtl/UART_TOP/UART.v'
Detecting input file type automatically (-rtl or -netlist).
Running DC verilog reader
Performing 'read' command.
Compiling source file /home/IC/Labs/Ass_Syn_2.0/rtl/UART_TOP/UART.v
Reading with netlist reader (equivalent to -netlist option).
Verilog netlist reader completed successfully.
Current design is now '/home/IC/Labs/Ass_Syn_2.0/rtl/UART_TOP/UART.db:UART'
Loaded 1 design.
Current design is 'UART'.
UART
puts "###############################################"
###############################################
puts "######## Liniking All The Design Parts ########"
######## Liniking All The Design Parts ########
puts "###############################################"
###############################################
#################### Liniking All The Design Parts #########################
#echo "###############################################"
#echo "# Linking The Top Module with its submodules  #"
#echo "###############################################"
link 

  Linking design 'UART'
  Using the following designs and libraries:
  --------------------------------------------------------------------------
  * (15 designs)              /home/IC/Labs/Ass_Syn_2.0/rtl/UART_TOP/UART.db, etc
  scmetro_tsmc_cl013g_rvt_ss_1p08v_125c (library) /home/IC/Labs/Ass_Syn_2.0/std_cells/scmetro_tsmc_cl013g_rvt_ss_1p08v_125c.db
  scmetro_tsmc_cl013g_rvt_tt_1p2v_25c (library) /home/IC/Labs/Ass_Syn_2.0/std_cells/scmetro_tsmc_cl013g_rvt_tt_1p2v_25c.db
  scmetro_tsmc_cl013g_rvt_ff_1p32v_m40c (library) /home/IC/Labs/Ass_Syn_2.0/std_cells/scmetro_tsmc_cl013g_rvt_ff_1p32v_m40c.db

1
#################### Liniking All The Design Parts #########################
puts "###############################################"
###############################################
puts "######## checking design consistency ##########"
######## checking design consistency ##########
puts "###############################################"
###############################################
check_design
 
****************************************
check_design summary:
Version:     K-2015.06
Date:        Fri Aug 12 21:06:45 2022
****************************************

                   Name                                            Total
--------------------------------------------------------------------------------
Inputs/Outputs                                                      5
    Unconnected ports (LINT-28)                                     4
    Shorted outputs (LINT-31)                                       1

Cells                                                              14
    Cells do not drive (LINT-1)                                     7
    Connected to power or ground (LINT-32)                          6
    Nets connected to multiple pins on same cell (LINT-33)          1
--------------------------------------------------------------------------------

Warning: In design 'serializer', cell 'B_3' does not drive any nets. (LINT-1)
Warning: In design 'UART_Rx_FSM', cell 'B_13' does not drive any nets. (LINT-1)
Warning: In design 'UART_Rx_FSM', cell 'B_14' does not drive any nets. (LINT-1)
Warning: In design 'UART_Rx_FSM', cell 'B_15' does not drive any nets. (LINT-1)
Warning: In design 'UART_Rx_FSM', cell 'B_16' does not drive any nets. (LINT-1)
Warning: In design 'edge_bit_counter', cell 'C117' does not drive any nets. (LINT-1)
Warning: In design 'edge_bit_counter', cell 'C120' does not drive any nets. (LINT-1)
Warning: In design 'UART', port 'SI' is not connected to any nets. (LINT-28)
Warning: In design 'UART', port 'SE' is not connected to any nets. (LINT-28)
Warning: In design 'UART', port 'SO' is not connected to any nets. (LINT-28)
Warning: In design 'data_sampling', port 'prescale[0]' is not connected to any nets. (LINT-28)
Warning: In design 'UART_Tx_FSM', output port 'ser_load' is connected directly to output port 'parity_load'. (LINT-31)
Warning: In design 'UART_Tx', a pin on submodule 'U3' is connected to logic 1 or logic 0. (LINT-32)
   Pin 'data[7]' is connected to logic 1. 
Warning: In design 'UART_Tx', a pin on submodule 'U3' is connected to logic 1 or logic 0. (LINT-32)
   Pin 'data[6]' is connected to logic 1. 
Warning: In design 'UART_Tx', a pin on submodule 'U3' is connected to logic 1 or logic 0. (LINT-32)
   Pin 'data[5]' is connected to logic 1. 
Warning: In design 'UART_Tx', a pin on submodule 'U3' is connected to logic 1 or logic 0. (LINT-32)
   Pin 'data[4]' is connected to logic 1. 
Warning: In design 'UART_Tx', a pin on submodule 'U3' is connected to logic 1 or logic 0. (LINT-32)
   Pin 'data[1]' is connected to logic 0. 
Warning: In design 'UART_Tx', a pin on submodule 'U3' is connected to logic 1 or logic 0. (LINT-32)
   Pin 'data[0]' is connected to logic 1. 
Warning: In design 'UART_Tx', the same net is connected to more than one pin on submodule 'U3'. (LINT-33)
   Net '*Logic1*' is connected to pins 'data[7]', 'data[6]'', 'data[5]', 'data[4]', 'data[0]'.
1
############# Make unique copies of replicated modules by ##################
############# giving each replicated module a unique name  #############
#uniquify
#################### Define Design Constraints #########################
source ./const.tcl
Warning: Design rule attributes from the driving cell will be
	set on the port. (UID-401)
Warning: Design rule attributes from the driving cell will be
	set on the port. (UID-401)
Warning: Design rule attributes from the driving cell will be
	set on the port. (UID-401)
Warning: Design rule attributes from the driving cell will be
	set on the port. (UID-401)
Warning: Design rule attributes from the driving cell will be
	set on the port. (UID-401)
Warning: Design rule attributes from the driving cell will be
	set on the port. (UID-401)
Warning: Design rule attributes from the driving cell will be
	set on the port. (UID-401)
Warning: Design rule attributes from the driving cell will be
	set on the port. (UID-401)
Warning: Design rule attributes from the driving cell will be
	set on the port. (UID-401)
Warning: Design rule attributes from the driving cell will be
	set on the port. (UID-401)
Warning: Design rule attributes from the driving cell will be
	set on the port. (UID-401)
Warning: Design rule attributes from the driving cell will be
	set on the port. (UID-401)
Warning: Design rule attributes from the driving cell will be
	set on the port. (UID-401)
Warning: Design rule attributes from the driving cell will be
	set on the port. (UID-401)
Warning: Design rule attributes from the driving cell will be
	set on the port. (UID-401)
Warning: Design rule attributes from the driving cell will be
	set on the port. (UID-401)
Warning: Design rule attributes from the driving cell will be
	set on the port. (UID-401)
Warning: Design rule attributes from the driving cell will be
	set on the port. (UID-401)
Using operating conditions 'scmetro_tsmc_cl013g_rvt_ss_1p08v_125c' found in library 'scmetro_tsmc_cl013g_rvt_ss_1p08v_125c'.
Using operating conditions 'scmetro_tsmc_cl013g_rvt_ff_1p32v_m40c' found in library 'scmetro_tsmc_cl013g_rvt_ff_1p32v_m40c'.
1
#################### Archirecture Scan Chains #########################
puts "###############################################"
###############################################
puts "############ Configure scan chains ############"
############ Configure scan chains ############
puts "###############################################"
###############################################
set_scan_configuration -clock_mixing no_mix  -style multiplexed_flip_flop -replace true -max_length 100
Accepted scan configuration for modes: all_dft
1
puts "###############################################"
###############################################
puts "########## Mapping & Optimization #############"
########## Mapping & Optimization #############
puts "###############################################"
###############################################
###################### Mapping and optimization ########################
compile -scan
Information: Choosing a test methodology will restrict the optimization of sequential cells. (UIO-12)
Information: Evaluating DesignWare library utilization. (UISN-27)

============================================================================
| DesignWare Building Block Library  |         Version         | Available |
============================================================================
| Basic DW Building Blocks           | K-2015.06-DWBB_201506.0 |     *     |
| Licensed DW Building Blocks        |                         |           |
============================================================================


Information: There are 19 potential problems in your design. Please run 'check_design' for more information. (LINT-99)


Warning: Operating condition scmetro_tsmc_cl013g_rvt_ss_1p08v_125c set on design UART has different process,
voltage and temperatures parameters than the parameters at which target library 
scmetro_tsmc_cl013g_rvt_tt_1p2v_25c is characterized. Delays may be inaccurate as a result. (OPT-998)

  Beginning Pass 1 Mapping
  ------------------------
  Processing 'stop_check'
  Processing 'start_check'
  Processing 'parity_check'
  Processing 'edge_bit_counter'
  Processing 'deserializer'
  Processing 'data_sampling'
  Processing 'UART_Rx_FSM'
  Processing 'UART_Rx'
  Processing 'MUX_8x1'
  Processing 'Parity_Calc'
  Processing 'serializer'
  Processing 'UART_Tx_FSM'
  Processing 'UART_Tx'
  Processing 'mux_2X1_0'
  Processing 'UART'

  Updating timing information
Information: Updating design information... (UID-85)

  Beginning Implementation Selection
  ----------------------------------
  Processing 'edge_bit_counter_DW01_cmp6_0'
  Processing 'data_sampling_DW01_cmp6_0'
  Processing 'data_sampling_DW01_cmp6_1'
  Processing 'data_sampling_DW01_dec_0'
  Processing 'data_sampling_DW01_cmp6_2'
  Processing 'data_sampling_DW01_sub_0'
  Processing 'UART_Rx_FSM_DW01_cmp6_0'
  Processing 'UART_Rx_FSM_DW01_dec_0'
  Processing 'UART_Rx_FSM_DW01_cmp6_1'
  Processing 'UART_Rx_FSM_DW01_inc_0'
  Processing 'UART_Rx_FSM_DW01_cmp6_2'
  Processing 'UART_Rx_FSM_DW01_inc_1'
  Processing 'UART_Rx_FSM_DW01_cmp6_3'
  Processing 'edge_bit_counter_DW01_inc_0'
  Processing 'edge_bit_counter_DW02_mult_0'

  Beginning Mapping Optimizations  (Medium effort)
  -------------------------------
  Mapping Optimization (Phase 1)

                                  TOTAL                                      
   ELAPSED            WORST NEG   SETUP    DESIGN                            
    TIME      AREA      SLACK     COST    RULE COST         ENDPOINT         
  --------- --------- --------- --------- --------- -------------------------
    0:00:04  127021.8      0.00       0.0    2578.3                          
    0:00:04  127021.8      0.00       0.0    2578.3                          
    0:00:04  127021.8      0.00       0.0    2578.3                          
    0:00:04  127021.8      0.00       0.0    2578.3                          
    0:00:04  127021.8      0.00       0.0    2578.3                          
    0:00:05  124670.8     10.92      87.9    2486.8                          
    0:00:05  124787.3     10.52      76.3    2353.1                          
    0:00:05  124787.3     10.52      76.3    2343.8                          
    0:00:05  124787.3     10.52      76.3    2342.4                          
    0:00:05  124787.3     10.52      76.3    2342.4                          
    0:00:05  124787.3     10.52      76.3    2342.4                          
    0:00:05  124787.3     10.52      76.3    2342.4                          
    0:00:05  124787.3     10.52      76.3    2342.4                          
    0:00:05  124792.0     10.52      76.3    2341.5                          
    0:00:06  124792.0     10.52      76.3    2341.1                          
    0:00:06  124792.0     10.52      76.3    2341.1                          
    0:00:06  124792.0     10.52      76.3    2341.1                          
    0:00:06  124792.0     10.52      76.3    2341.1                          
    0:00:06  125774.4      0.00       0.0    1994.0                          



  Beginning Delay Optimization Phase
  ----------------------------------

                                  TOTAL                                      
   ELAPSED            WORST NEG   SETUP    DESIGN                            
    TIME      AREA      SLACK     COST    RULE COST         ENDPOINT         
  --------- --------- --------- --------- --------- -------------------------
    0:00:06  125774.4      0.00       0.0    1994.0                          
    0:00:06  125774.4      0.00       0.0    1994.0                          
    0:00:06  123014.3      0.00       0.0    2885.4                          


  Beginning Design Rule Fixing  (max_transition)  (max_capacitance)
  ----------------------------

                                  TOTAL                                      
   ELAPSED            WORST NEG   SETUP    DESIGN                            
    TIME      AREA      SLACK     COST    RULE COST         ENDPOINT         
  --------- --------- --------- --------- --------- -------------------------
    0:00:06  123014.3      0.00       0.0    2885.4                          
    0:00:06  124023.8      0.00       0.0    1688.4 U0_UART_Tx/U0/current_state[2]
    0:00:07  125499.1      0.00       0.0    1685.2 U0_UART_Tx/U0/net2789    
    0:00:07  126910.9      0.00       0.0    1168.5 U1_UART_Rx/U2_Deserializer/net2836
    0:00:07  128509.8      0.00       0.0    1149.8 U1_UART_Rx/U2_Deserializer/net2836
    0:00:07  128993.3      0.00       0.0    1041.2 U1_UART_Rx/P_DATA[0]     
    0:00:08  133136.9      0.00       0.0     908.6                          


  Beginning Area-Recovery Phase  (cleanup)
  -----------------------------

                                  TOTAL                                      
   ELAPSED            WORST NEG   SETUP    DESIGN                            
    TIME      AREA      SLACK     COST    RULE COST         ENDPOINT         
  --------- --------- --------- --------- --------- -------------------------
    0:00:08  133136.9      0.00       0.0     908.6                          
    0:00:08  133136.9      0.00       0.0     908.6                          
    0:00:08  128746.2      0.00       0.0     908.7                          
    0:00:08  128602.7      0.00       0.0     908.7                          
    0:00:08  128602.7      0.00       0.0     908.7                          
    0:00:08  128602.7      0.00       0.0     908.7                          
    0:00:08  128602.7      0.00       0.0     908.7                          
    0:00:08  128602.7      0.00       0.0     908.7                          
    0:00:08  128340.3      0.00       0.0     913.1                          
    0:00:08  128340.3      0.00       0.0     913.1                          
    0:00:08  128340.3      0.00       0.0     913.1                          
    0:00:08  128340.3      0.00       0.0     913.1                          
    0:00:08  128340.3      0.00       0.0     913.1                          
    0:00:08  128340.3      0.00       0.0     913.1                          
    0:00:08  128340.3      0.00       0.0     913.1                          
Loading db file '/home/IC/Labs/Ass_Syn_2.0/std_cells/scmetro_tsmc_cl013g_rvt_ss_1p08v_125c.db'
Loading db file '/home/IC/Labs/Ass_Syn_2.0/std_cells/scmetro_tsmc_cl013g_rvt_tt_1p2v_25c.db'
Loading db file '/home/IC/Labs/Ass_Syn_2.0/std_cells/scmetro_tsmc_cl013g_rvt_ff_1p32v_m40c.db'


Note: Symbol # after min delay cost means estimated hold TNS across all active scenarios 


  Optimization Complete
  ---------------------
1
################################################################### 
# Setting Test Timing Variables
################################################################### 
# Preclock Measure Protocol (default protocol)
set test_default_period 100
100
set test_default_delay 0
0
set test_default_bidir_delay 0
0
set test_default_strobe 20
20
set test_default_strobe_width 0
0
########################## Define DFT Signals ##########################
set_dft_signal -port [get_ports scan_clk]  -type ScanClock   -view existing_dft  -timing {30 60}
Accepted dft signal specification for modes: all_dft
1
set_dft_signal -port [get_ports scan_rst]  -type Reset       -view existing_dft  -active_state 0
Accepted dft signal specification for modes: all_dft
1
set_dft_signal -port [get_ports test_mode] -type Constant    -view existing_dft  -active_state 1 
Accepted dft signal specification for modes: all_dft
1
set_dft_signal -port [get_ports test_mode] -type TestMode    -view spec          -active_state 1 
Accepted dft signal specification for modes: all_dft
1
set_dft_signal -port [get_ports SE]        -type ScanEnable  -view spec          -active_state 1   -usage scan
Accepted dft signal specification for modes: all_dft
1
set_dft_signal -port [get_ports SI]        -type ScanDataIn  -view spec 
Accepted dft signal specification for modes: all_dft
1
set_dft_signal -port [get_ports SO]        -type ScanDataOut -view spec
Accepted dft signal specification for modes: all_dft
1
############################# Create Test Protocol #####################
create_test_protocol
In mode: all_dft...

Information: Starting test protocol creation. (TEST-219)
  ...reading user specified clock signals...
Information: Identified system/test clock port scan_clk (30.0,60.0). (TEST-265)
  ...reading user specified asynchronous signals...
Information: Identified active low asynchronous control port scan_rst. (TEST-266)
1
###################### Pre-DFT Design Rule Checking ####################
dft_drc -verbose
In mode: all_dft...
  Pre-DFT DRC enabled

Information: Starting test design rule checking. (TEST-222)
  Loading test protocol
  ...basic checks...
  ...basic sequential cell checks...
  	...checking for scan equivalents...
  ...checking vector rules...
  ...checking pre-dft rules...

-----------------------------------------------------------------
  DRC Report

  Total violations: 0

-----------------------------------------------------------------


Test Design rule checking did not find violations

-----------------------------------------------------------------
  Sequential Cell Report

  0 out of 46 sequential cells have violations

-----------------------------------------------------------------

SEQUENTIAL CELLS WITHOUT VIOLATIONS
      *  46 cells are valid scan cells
         U0_UART_Tx/U0/current_state_reg[0]
         U0_UART_Tx/U0/busy_reg
         U0_UART_Tx/U0/current_state_reg[1]
         U0_UART_Tx/U0/current_state_reg[2]
         U0_UART_Tx/U1/shift_reg_reg[7]
         U0_UART_Tx/U1/shift_reg_reg[6]
         U0_UART_Tx/U1/shift_reg_reg[5]
         U0_UART_Tx/U1/shift_reg_reg[4]
         U0_UART_Tx/U1/shift_reg_reg[3]
         U0_UART_Tx/U1/shift_reg_reg[2]
         U0_UART_Tx/U1/shift_reg_reg[1]
         U0_UART_Tx/U1/shift_reg_reg[0]
         U0_UART_Tx/U1/counter_reg[0]
         U0_UART_Tx/U1/counter_reg[1]
         U0_UART_Tx/U1/counter_reg[2]
         U0_UART_Tx/U1/done_reg
         U0_UART_Tx/U2/parity_result_reg
         U0_UART_Tx/U3/out_reg
         U1_UART_Rx/U0_FSM/current_state_reg[2]
         U1_UART_Rx/U0_FSM/current_state_reg[1]
         U1_UART_Rx/U0_FSM/current_state_reg[0]
         U1_UART_Rx/U0_FSM/data_valid_reg
         U1_UART_Rx/U1_Sampler/sample1_reg
         U1_UART_Rx/U1_Sampler/sample2_reg
         U1_UART_Rx/U1_Sampler/sample3_reg
         U1_UART_Rx/U2_Deserializer/shift_reg_reg[3]
         U1_UART_Rx/U2_Deserializer/shift_reg_reg[7]
         U1_UART_Rx/U2_Deserializer/shift_reg_reg[5]
         U1_UART_Rx/U2_Deserializer/shift_reg_reg[4]
         U1_UART_Rx/U2_Deserializer/shift_reg_reg[2]
         U1_UART_Rx/U2_Deserializer/shift_reg_reg[6]
         U1_UART_Rx/U2_Deserializer/shift_reg_reg[1]
         U1_UART_Rx/U2_Deserializer/shift_reg_reg[0]
         U1_UART_Rx/U3_Counter/edge_counter_reg[1]
         U1_UART_Rx/U3_Counter/edge_counter_reg[0]
         U1_UART_Rx/U3_Counter/bit_counter_reg[3]
         U1_UART_Rx/U3_Counter/bit_counter_reg[2]
         U1_UART_Rx/U3_Counter/edge_counter_reg[5]
         U1_UART_Rx/U3_Counter/edge_counter_reg[3]
         U1_UART_Rx/U3_Counter/edge_counter_reg[2]
         U1_UART_Rx/U3_Counter/edge_counter_reg[4]
         U1_UART_Rx/U3_Counter/bit_counter_reg[0]
         U1_UART_Rx/U3_Counter/bit_counter_reg[1]
         U1_UART_Rx/U4_Parity/parity_error_reg
         U1_UART_Rx/U5_Start/glitch_reg
         U1_UART_Rx/U6_Stop/stop_error_reg

Information: Test design rule checking completed. (TEST-123)
1
############################# Preview DFT ##############################
preview_dft -show scan_summary
  Information: Using test design rule information from previous dft_drc run.
  Architecting Scan Chains

****************************************
Preview_dft report
For    : 'Insert_dft' command
Design : UART
Version: K-2015.06
Date   : Fri Aug 12 21:07:08 2022
****************************************

Number of chains: 1
Scan methodology: full_scan
Scan style: multiplexed_flip_flop
Clock domain: no_mix

Chain      Scan Ports (si --> so)        # of Cells   Inst/Chain               Clock (port, time, edge)
-----      ----------------------        ----------   ----------               ------------------------
S 1        SI -->  SO                            46   U0_UART_Tx/U0/busy_reg   (scan_clk, 30.0, rising) 
1
############################# Insert DFT ###############################
insert_dft
Loading db file '/home/IC/Labs/Ass_Syn_2.0/std_cells/scmetro_tsmc_cl013g_rvt_ss_1p08v_125c.db'
Loading db file '/home/IC/Labs/Ass_Syn_2.0/std_cells/scmetro_tsmc_cl013g_rvt_tt_1p2v_25c.db'
Loading db file '/home/IC/Labs/Ass_Syn_2.0/std_cells/scmetro_tsmc_cl013g_rvt_ff_1p32v_m40c.db'
  Information: Using test design rule information from previous dft_drc run.
  Architecting Scan Chains
  Routing Scan Chains
  Routing Global Signals
  Mapping New Logic
Resetting current test mode
  Beginning Mapping Optimizations
  -------------------------------

                                  TOTAL                                      
   ELAPSED            WORST NEG   SETUP    DESIGN                            
    TIME      AREA      SLACK     COST    RULE COST         ENDPOINT         
  --------- --------- --------- --------- --------- -------------------------


  Beginning Phase 1 Design Rule Fixing  (max_transition)  (max_capacitance)
  ------------------------------------

                                  TOTAL                                      
   ELAPSED            WORST NEG   SETUP    DESIGN                            
    TIME      AREA      SLACK     COST    RULE COST         ENDPOINT         
  --------- --------- --------- --------- --------- -------------------------
    0:00:26  138010.9      0.00       0.0    1942.2 U0_UART_Tx/U0/busy       
    0:00:26  138010.9      0.00       0.0    1942.2 U0_UART_Tx/U0/busy       
    0:00:26  138010.9      0.00       0.0    1942.2 U0_UART_Tx/U0/busy       
    0:00:26  138160.4      0.00       0.0    1729.8 U0_UART_Tx/U0/net3596    
    0:00:26  138309.8      0.00       0.0    1729.7 U0_UART_Tx/U0/net3600    
    0:00:26  138740.4      0.00       0.0    1729.5 U1_UART_Rx/U3_Counter/bit_counter[0]
    0:00:26  138740.4      0.00       0.0    1729.5 U1_UART_Rx/U3_Counter/bit_counter[0]
    0:00:26  138740.4      0.00       0.0    1729.5 U1_UART_Rx/U3_Counter/bit_counter[0]
    0:00:26  138883.9      0.00       0.0    1728.6 U0_UART_Tx/U0/net3594    
    0:00:26  139033.3      0.00       0.0    1728.6 U1_UART_Rx/U3_Counter/net3604
    0:00:26  139182.7      0.00       0.0    1728.5 U1_UART_Rx/U2_Deserializer/n26
    0:00:26  139332.1      0.00       0.0    1728.4 U1_UART_Rx/U2_Deserializer/n8
    0:00:26  139481.6      0.00       0.0    1728.3 U1_UART_Rx/U2_Deserializer/n6
    0:00:26  139332.1      0.00       0.0     918.3 U0_UART_Tx/U0/net3602    
    0:00:26  139332.1      0.00       0.0     913.7 U0_UART_Tx/U0/busy       
    0:00:26  139762.7      0.00       0.0     913.7 U0_UART_Tx/U0/busy       
    0:00:26  139762.7      0.00       0.0     913.7 U0_UART_Tx/U0/busy       
    0:00:26  139762.7      0.00       0.0     913.7 U0_UART_Tx/U0/busy       
    0:00:26  140342.7      0.00       0.0     913.7 U1_UART_Rx/U3_Counter/net3605
    0:00:26  140342.7      0.00       0.0     913.7 U1_UART_Rx/U3_Counter/net3605
    0:00:26  140342.7      0.00       0.0     913.7 U1_UART_Rx/U3_Counter/net3605
    0:00:26  140342.7      0.00       0.0     913.7 U1_UART_Rx/U3_Counter/net3605
    0:00:26  140641.6      0.00       0.0     913.7 U1_UART_Rx/U3_Counter/net3672
    0:00:26  140641.6      0.00       0.0     913.7 U1_UART_Rx/U3_Counter/net3672
    0:00:26  140641.6      0.00       0.0     913.7 U1_UART_Rx/U3_Counter/net3672
    0:00:26  140791.0      0.00       0.0     913.6 U1_UART_Rx/STP_ERR       
    0:00:26  141089.8      0.00       0.0     913.5 U1_UART_Rx/U3_Counter/edge_counter[4]
    0:00:26  141089.8      0.00       0.0     913.5 U1_UART_Rx/U3_Counter/edge_counter[4]
    0:00:26  141089.8      0.00       0.0     913.5 U1_UART_Rx/U3_Counter/edge_counter[4]
    0:00:26  141239.2      0.00       0.0     913.3 U0_UART_Tx/U0/n6         
    0:00:26  141239.2      0.00       0.0     913.3 U0_UART_Tx/U0/n6         
    0:00:26  141239.2      0.00       0.0     913.3 U0_UART_Tx/U0/n6         
    0:00:26  141239.2      0.00       0.0     913.3 U0_UART_Tx/U0/n6         
    0:00:26  141239.2      0.00       0.0     913.3 U0_UART_Tx/U0/n6         
    0:00:26  141526.3      0.00       0.0     913.2 U0_UART_Tx/U0/n12        
    0:00:26  141526.3      0.00       0.0     913.2 U0_UART_Tx/U0/n12        
    0:00:26  141526.3      0.00       0.0     913.2 U0_UART_Tx/U0/n12        
    0:00:26  141526.3      0.00       0.0     913.2 U0_UART_Tx/U0/n12        
    0:00:26  141675.7      0.00       0.0     913.1 U0_UART_Tx/U1/counter[0] 
    0:00:26  141819.2      0.00       0.0     912.7 U1_UART_Rx/n39           


  Beginning Phase 2 Design Rule Fixing  (max_transition)  (max_capacitance)
  ------------------------------------

                                  TOTAL                                      
   ELAPSED            WORST NEG   SETUP    DESIGN                            
    TIME      AREA      SLACK     COST    RULE COST         ENDPOINT         
  --------- --------- --------- --------- --------- -------------------------

1
######################## Optimize Logic post DFT #######################
compile -scan -incremental
Information: Choosing a test methodology will restrict the optimization of sequential cells. (UIO-12)

Information: There are 9 potential problems in your design. Please run 'check_design' for more information. (LINT-99)


Warning: Operating condition scmetro_tsmc_cl013g_rvt_ss_1p08v_125c set on design UART has different process,
voltage and temperatures parameters than the parameters at which target library 
scmetro_tsmc_cl013g_rvt_tt_1p2v_25c is characterized. Delays may be inaccurate as a result. (OPT-998)

  Beginning Pass 1 Mapping  (Incremental)
  ------------------------

  Updating timing information
Information: Updating design information... (UID-85)

  Beginning Mapping Optimizations  (Medium effort)  (Incremental)
  -------------------------------

  Beginning Incremental Implementation Selection
  ----------------------------------------------

  Beginning Delay Optimization Phase
  ----------------------------------

                                  TOTAL                                      
   ELAPSED            WORST NEG   SETUP    DESIGN                            
    TIME      AREA      SLACK     COST    RULE COST         ENDPOINT         
  --------- --------- --------- --------- --------- -------------------------
    0:00:02  141819.2      0.00       0.0     912.7                          
    0:00:03  141819.2      0.00       0.0     912.7                          
    0:00:03  140680.4      0.00       0.0     939.2                          


  Beginning Design Rule Fixing  (max_transition)  (max_capacitance)
  ----------------------------

                                  TOTAL                                      
   ELAPSED            WORST NEG   SETUP    DESIGN                            
    TIME      AREA      SLACK     COST    RULE COST         ENDPOINT         
  --------- --------- --------- --------- --------- -------------------------
    0:00:03  140680.4      0.00       0.0     939.2                          
    0:00:03  141572.2      0.00       0.0     926.5 U1_UART_Rx/U3_Counter/edge_counter[0]
    0:00:04  143906.3      0.00       0.0     916.5 U1_UART_Rx/U0_FSM/data_valid
    0:00:04  143847.5      0.00       0.0     908.1 U1_UART_Rx/STP_ERR       
    0:00:04  144320.5      0.00       0.0     907.1 U1_UART_Rx/data_valid    
    0:00:04  144793.4      0.00       0.0     906.5 TX_OUT                   
    0:00:04  144772.2      0.00       0.0     906.8 U1_UART_Rx/net4331       
    0:00:05  144793.4      0.00       0.0     906.5 U1_UART_Rx/net4331       
Loading db file '/home/IC/Labs/Ass_Syn_2.0/std_cells/scmetro_tsmc_cl013g_rvt_ss_1p08v_125c.db'
Loading db file '/home/IC/Labs/Ass_Syn_2.0/std_cells/scmetro_tsmc_cl013g_rvt_tt_1p2v_25c.db'
Loading db file '/home/IC/Labs/Ass_Syn_2.0/std_cells/scmetro_tsmc_cl013g_rvt_ff_1p32v_m40c.db'


Note: Symbol # after min delay cost means estimated hold TNS across all active scenarios 


  Optimization Complete
  ---------------------
1
###################### Design Rule Checking post DFT ###################
dft_drc -verbose -coverage_estimate > drc_post_dft_coverage.rpt
#############################################################################
# Write out Design after initial compile
#############################################################################
write_file -format verilog -hierarchy -output UART.v
Writing verilog file '/home/IC/Labs/Ass_Syn_2.0/dft/UART.v'.
Warning: Verilog 'assign' or 'tran' statements are written out. (VO-4)
1
write_file -format ddc 	   -hierarchy -output UART.ddc
Writing ddc file 'UART.ddc'.
1
write_sdf UART.sdf
Information: Annotated 'cell' delays are assumed to include load delay. (UID-282)
Information: Writing timing information to file '/home/IC/Labs/Ass_Syn_2.0/dft/UART.sdf'. (WT-3)
Information: Updating design information... (UID-85)
1
################# reporting #######################
report_area -hierarchy > area.rpt
report_power -hierarchy > power.rpt
report_timing -max_paths 100 -delay_type min > hold.rpt
report_timing -max_paths 100 -delay_type max > setup.rpt
report_clock -attributes > clocks.rpt
report_port > ports.rpt
report_constraint -all_violators > constraints.rpt
################# starting graphical user interface #######################
#gui_start
dc_shell> 