 
****************************************
Report : area
Design : UART
Version: K-2015.06
Date   : Thu Aug 11 18:33:12 2022
****************************************

Library(s) Used:

    scmetro_tsmc_cl013g_rvt_ss_1p08v_125c (File: /home/IC/Labs/Ass_Syn_2.0/std_cells/scmetro_tsmc_cl013g_rvt_ss_1p08v_125c.db)

Number of ports:                          224
Number of nets:                           565
Number of cells:                          355
Number of combinational cells:            294
Number of sequential cells:                48
Number of macros/black boxes:               0
Number of buf/inv:                         79
Number of references:                       5

Combinational area:               2666.402222
Buf/Inv area:                      596.586896
Noncombinational area:            1222.591288
Macro/Black Box area:                0.000000
Net Interconnect area:          117180.588867

Total cell area:                  3888.993510
Total area:                     121069.582377

Hierarchical area distribution
------------------------------

                                  Global cell area          Local cell area
                                  ------------------  ---------------------------- 
Hierarchical cell                 Absolute   Percent  Combi-     Noncombi-  Black-
                                  Total      Total    national   national   boxes   Design
--------------------------------  ---------  -------  ---------  ---------  ------  ----------------
UART                              3888.9935    100.0    43.5379     0.0000  0.0000  UART
U0_UART_Tx                         984.8979     25.3     0.0000     0.0000  0.0000  UART_Tx
U0_UART_Tx/U0                      228.2798      5.9   120.0234   108.2564  0.0000  UART_Tx_FSM
U0_UART_Tx/U1                      509.5111     13.1   198.8623   310.6488  0.0000  serializer
U0_UART_Tx/U2                      124.7302      3.2    98.8428    25.8874  0.0000  Parity_Calc
U0_UART_Tx/U3                      122.3768      3.1    96.4894    25.8874  0.0000  MUX_8x1
U1_UART_Rx                        2860.5577     73.6   320.0624     0.0000  0.0000  UART_Rx
U1_UART_Rx/U0_FSM                  871.9347     22.4   768.3851   103.5496  0.0000  UART_Rx_FSM
U1_UART_Rx/U1_Sampler              509.5111     13.1   431.8489    77.6622  0.0000  data_sampling
U1_UART_Rx/U2_Deserializer         304.7653      7.8    95.3127   209.4526  0.0000  deserializer
U1_UART_Rx/U3_Counter              640.1248     16.5   356.5401   283.5847  0.0000  edge_bit_counter
U1_UART_Rx/U4_Parity               138.8506      3.6   112.9632    25.8874  0.0000  parity_check
U1_UART_Rx/U5_Start                 37.6544      1.0    11.7670    25.8874  0.0000  start_check
U1_UART_Rx/U6_Stop                  37.6544      1.0    11.7670    25.8874  0.0000  stop_check
--------------------------------  ---------  -------  ---------  ---------  ------  ----------------
Total                                                 2666.4022  1222.5913  0.0000

1
