 
****************************************
Report : timing
        -path full
        -delay max
        -max_paths 1
Design : ALU_TOP
Version: K-2015.06
Date   : Fri Aug 12 04:01:16 2022
****************************************

Operating Conditions: scmetro_tsmc_cl013g_rvt_ss_1p08v_125c   Library: scmetro_tsmc_cl013g_rvt_ss_1p08v_125c
Wire Load Model Mode: top

  Startpoint: B[4] (input port clocked by CLK)
  Endpoint: U0_ARITHMETIC_UNIT/Arith_OUT_reg[0]
            (rising edge-triggered flip-flop clocked by CLK)
  Path Group: CLK
  Path Type: max

  Des/Clust/Port     Wire Load Model       Library
  ------------------------------------------------
  ALU_TOP            tsmc13_wl30           scmetro_tsmc_cl013g_rvt_ss_1p08v_125c

  Point                                                   Incr       Path
  --------------------------------------------------------------------------
  clock CLK (rise edge)                                   0.00       0.00
  clock network delay (ideal)                             0.00       0.00
  input external delay                                   20.00      20.00 f
  B[4] (in)                                               0.11      20.11 f
  U6/Y (CLKBUFX6M)                                        0.79      20.89 f
  U0_ARITHMETIC_UNIT/B[4] (ARITHMETIC_UNIT_test_1)        0.00      20.89 f
  U0_ARITHMETIC_UNIT/div_63/b[4] (ARITHMETIC_UNIT_DW_div_uns_0)
                                                          0.00      20.89 f
  U0_ARITHMETIC_UNIT/div_63/U41/Y (INVX4M)                0.78      21.67 r
  U0_ARITHMETIC_UNIT/div_63/U61/Y (AND3X1M)               0.75      22.42 r
  U0_ARITHMETIC_UNIT/div_63/U19/Y (AND2X2M)               0.71      23.13 r
  U0_ARITHMETIC_UNIT/div_63/U60/Y (AND4X1M)               0.80      23.93 r
  U0_ARITHMETIC_UNIT/div_63/U48/Y (CLKMX2X2M)             0.62      24.55 r
  U0_ARITHMETIC_UNIT/div_63/u_div/u_fa_PartRem_0_6_1/CO (ADDFX2M)
                                                          0.71      25.26 r
  U0_ARITHMETIC_UNIT/div_63/U18/Y (AND3X2M)               0.72      25.99 r
  U0_ARITHMETIC_UNIT/div_63/U50/Y (CLKMX2X2M)             0.62      26.61 r
  U0_ARITHMETIC_UNIT/div_63/u_div/u_fa_PartRem_0_5_1/CO (ADDFX2M)
                                                          0.72      27.33 r
  U0_ARITHMETIC_UNIT/div_63/u_div/u_fa_PartRem_0_5_2/CO (ADDFX2M)
                                                          0.46      27.79 r
  U0_ARITHMETIC_UNIT/div_63/U7/Y (AND2X2M)                0.85      28.64 r
  U0_ARITHMETIC_UNIT/div_63/U52/Y (CLKMX2X2M)             0.71      29.35 f
  U0_ARITHMETIC_UNIT/div_63/u_div/u_fa_PartRem_0_4_1/CO (ADDFX2M)
                                                          0.73      30.08 f
  U0_ARITHMETIC_UNIT/div_63/u_div/u_fa_PartRem_0_4_2/CO (ADDFX2M)
                                                          0.51      30.59 f
  U0_ARITHMETIC_UNIT/div_63/u_div/u_fa_PartRem_0_4_3/CO (ADDFX2M)
                                                          0.50      31.09 f
  U0_ARITHMETIC_UNIT/div_63/U4/Y (CLKAND2X4M)             0.67      31.76 f
  U0_ARITHMETIC_UNIT/div_63/U54/Y (CLKMX2X2M)             0.71      32.46 r
  U0_ARITHMETIC_UNIT/div_63/u_div/u_fa_PartRem_0_3_1/CO (ADDFX2M)
                                                          0.72      33.19 r
  U0_ARITHMETIC_UNIT/div_63/u_div/u_fa_PartRem_0_3_2/CO (ADDFX2M)
                                                          0.47      33.65 r
  U0_ARITHMETIC_UNIT/div_63/u_div/u_fa_PartRem_0_3_3/CO (ADDFX2M)
                                                          0.47      34.12 r
  U0_ARITHMETIC_UNIT/div_63/u_div/u_fa_PartRem_0_3_4/CO (ADDFX2M)
                                                          0.46      34.59 r
  U0_ARITHMETIC_UNIT/div_63/U3/Y (AND3X4M)                0.75      35.34 r
  U0_ARITHMETIC_UNIT/div_63/U56/Y (CLKMX2X2M)             0.69      36.03 f
  U0_ARITHMETIC_UNIT/div_63/u_div/u_fa_PartRem_0_2_1/CO (ADDFX2M)
                                                          0.73      36.76 f
  U0_ARITHMETIC_UNIT/div_63/u_div/u_fa_PartRem_0_2_2/CO (ADDFX2M)
                                                          0.51      37.27 f
  U0_ARITHMETIC_UNIT/div_63/u_div/u_fa_PartRem_0_2_3/CO (ADDFX2M)
                                                          0.51      37.77 f
  U0_ARITHMETIC_UNIT/div_63/u_div/u_fa_PartRem_0_2_4/CO (ADDFX2M)
                                                          0.51      38.28 f
  U0_ARITHMETIC_UNIT/div_63/u_div/u_fa_PartRem_0_2_5/CO (ADDFX2M)
                                                          0.50      38.78 f
  U0_ARITHMETIC_UNIT/div_63/U5/Y (CLKAND2X4M)             0.87      39.65 f
  U0_ARITHMETIC_UNIT/div_63/U58/Y (CLKMX2X2M)             0.77      40.42 f
  U0_ARITHMETIC_UNIT/div_63/u_div/u_fa_PartRem_0_1_1/CO (ADDFX2M)
                                                          0.73      41.15 f
  U0_ARITHMETIC_UNIT/div_63/u_div/u_fa_PartRem_0_1_2/CO (ADDFX2M)
                                                          0.51      41.66 f
  U0_ARITHMETIC_UNIT/div_63/u_div/u_fa_PartRem_0_1_3/CO (ADDFX2M)
                                                          0.51      42.16 f
  U0_ARITHMETIC_UNIT/div_63/u_div/u_fa_PartRem_0_1_4/CO (ADDFX2M)
                                                          0.51      42.67 f
  U0_ARITHMETIC_UNIT/div_63/u_div/u_fa_PartRem_0_1_5/CO (ADDFX2M)
                                                          0.51      43.18 f
  U0_ARITHMETIC_UNIT/div_63/u_div/u_fa_PartRem_0_1_6/CO (ADDFX2M)
                                                          0.50      43.68 f
  U0_ARITHMETIC_UNIT/div_63/U6/Y (CLKAND2X4M)             0.98      44.66 f
  U0_ARITHMETIC_UNIT/div_63/U59/Y (CLKMX2X2M)             0.62      45.27 f
  U0_ARITHMETIC_UNIT/div_63/u_div/u_fa_PartRem_0_0_1/CO (ADDFX2M)
                                                          0.66      45.93 f
  U0_ARITHMETIC_UNIT/div_63/u_div/u_fa_PartRem_0_0_2/CO (ADDFX2M)
                                                          0.51      46.44 f
  U0_ARITHMETIC_UNIT/div_63/u_div/u_fa_PartRem_0_0_3/CO (ADDFX2M)
                                                          0.51      46.95 f
  U0_ARITHMETIC_UNIT/div_63/u_div/u_fa_PartRem_0_0_4/CO (ADDFX2M)
                                                          0.51      47.45 f
  U0_ARITHMETIC_UNIT/div_63/u_div/u_fa_PartRem_0_0_5/CO (ADDFX2M)
                                                          0.51      47.96 f
  U0_ARITHMETIC_UNIT/div_63/u_div/u_fa_PartRem_0_0_6/CO (ADDFX2M)
                                                          0.51      48.47 f
  U0_ARITHMETIC_UNIT/div_63/u_div/u_fa_PartRem_0_0_7/CO (ADDFX2M)
                                                          0.50      48.97 f
  U0_ARITHMETIC_UNIT/div_63/quotient[0] (ARITHMETIC_UNIT_DW_div_uns_0)
                                                          0.00      48.97 f
  U0_ARITHMETIC_UNIT/U79/Y (AOI22X1M)                     0.67      49.63 r
  U0_ARITHMETIC_UNIT/U77/Y (NAND2X2M)                     0.35      49.99 f
  U0_ARITHMETIC_UNIT/Arith_OUT_reg[0]/D (SDFFRQX1M)       0.00      49.99 f
  data arrival time                                                 49.99

  clock CLK (rise edge)                                 100.00     100.00
  clock network delay (ideal)                             0.00     100.00
  clock uncertainty                                      -0.20      99.80
  U0_ARITHMETIC_UNIT/Arith_OUT_reg[0]/CK (SDFFRQX1M)      0.00      99.80 r
  library setup time                                     -0.47      99.33
  data required time                                                99.33
  --------------------------------------------------------------------------
  data required time                                                99.33
  data arrival time                                                -49.99
  --------------------------------------------------------------------------
  slack (MET)                                                       49.34


1
