 
****************************************
Report : constraint
        -all_violators
Design : ALU_TOP
Version: K-2015.06
Date   : Tue Jul 12 22:56:46 2022
****************************************


   max_transition

                             Required        Actual
   Net                      Transition     Transition        Slack
   -----------------------------------------------------------------
   Arith_Flag                   1.50          37.46         -35.96  (VIOLATED)
       PIN :   U120/Y           1.50          37.46         -35.96  (VIOLATED)
   Arith_OUT[0]                 1.50          37.46         -35.96  (VIOLATED)
       PIN :   U124/Y           1.50          37.46         -35.96  (VIOLATED)
   Arith_OUT[1]                 1.50          37.46         -35.96  (VIOLATED)
       PIN :   U126/Y           1.50          37.46         -35.96  (VIOLATED)
   Arith_OUT[2]                 1.50          37.46         -35.96  (VIOLATED)
       PIN :   U128/Y           1.50          37.46         -35.96  (VIOLATED)
   Arith_OUT[3]                 1.50          37.46         -35.96  (VIOLATED)
       PIN :   U130/Y           1.50          37.46         -35.96  (VIOLATED)
   Arith_OUT[4]                 1.50          37.46         -35.96  (VIOLATED)
       PIN :   U132/Y           1.50          37.46         -35.96  (VIOLATED)
   Arith_OUT[5]                 1.50          37.46         -35.96  (VIOLATED)
       PIN :   U134/Y           1.50          37.46         -35.96  (VIOLATED)
   Arith_OUT[6]                 1.50          37.46         -35.96  (VIOLATED)
       PIN :   U136/Y           1.50          37.46         -35.96  (VIOLATED)
   Arith_OUT[7]                 1.50          37.46         -35.96  (VIOLATED)
       PIN :   U138/Y           1.50          37.46         -35.96  (VIOLATED)
   Arith_OUT[8]                 1.50          37.46         -35.96  (VIOLATED)
       PIN :   U140/Y           1.50          37.46         -35.96  (VIOLATED)
   Arith_OUT[9]                 1.50          37.46         -35.96  (VIOLATED)
       PIN :   U142/Y           1.50          37.46         -35.96  (VIOLATED)
   Arith_OUT[10]                1.50          37.46         -35.96  (VIOLATED)
       PIN :   U144/Y           1.50          37.46         -35.96  (VIOLATED)
   Arith_OUT[11]                1.50          37.46         -35.96  (VIOLATED)
       PIN :   U146/Y           1.50          37.46         -35.96  (VIOLATED)
   Arith_OUT[12]                1.50          37.46         -35.96  (VIOLATED)
       PIN :   U148/Y           1.50          37.46         -35.96  (VIOLATED)
   Arith_OUT[13]                1.50          37.46         -35.96  (VIOLATED)
       PIN :   U150/Y           1.50          37.46         -35.96  (VIOLATED)
   Arith_OUT[14]                1.50          37.46         -35.96  (VIOLATED)
       PIN :   U152/Y           1.50          37.46         -35.96  (VIOLATED)
   Arith_OUT[15]                1.50          37.46         -35.96  (VIOLATED)
       PIN :   U154/Y           1.50          37.46         -35.96  (VIOLATED)
   Arith_OUT[16]                1.50          37.46         -35.96  (VIOLATED)
       PIN :   U156/Y           1.50          37.46         -35.96  (VIOLATED)
   Arith_OUT[17]                1.50          37.46         -35.96  (VIOLATED)
       PIN :   U158/Y           1.50          37.46         -35.96  (VIOLATED)
   Arith_OUT[18]                1.50          37.46         -35.96  (VIOLATED)
       PIN :   U160/Y           1.50          37.46         -35.96  (VIOLATED)
   Arith_OUT[19]                1.50          37.46         -35.96  (VIOLATED)
       PIN :   U162/Y           1.50          37.46         -35.96  (VIOLATED)
   Arith_OUT[20]                1.50          37.46         -35.96  (VIOLATED)
       PIN :   U164/Y           1.50          37.46         -35.96  (VIOLATED)
   Arith_OUT[21]                1.50          37.46         -35.96  (VIOLATED)
       PIN :   U166/Y           1.50          37.46         -35.96  (VIOLATED)
   Arith_OUT[22]                1.50          37.46         -35.96  (VIOLATED)
       PIN :   U168/Y           1.50          37.46         -35.96  (VIOLATED)
   Arith_OUT[23]                1.50          37.46         -35.96  (VIOLATED)
       PIN :   U170/Y           1.50          37.46         -35.96  (VIOLATED)
   Arith_OUT[24]                1.50          37.46         -35.96  (VIOLATED)
       PIN :   U172/Y           1.50          37.46         -35.96  (VIOLATED)
   Arith_OUT[25]                1.50          37.46         -35.96  (VIOLATED)
       PIN :   U174/Y           1.50          37.46         -35.96  (VIOLATED)
   Arith_OUT[26]                1.50          37.46         -35.96  (VIOLATED)
       PIN :   U176/Y           1.50          37.46         -35.96  (VIOLATED)
   Arith_OUT[27]                1.50          37.46         -35.96  (VIOLATED)
       PIN :   U178/Y           1.50          37.46         -35.96  (VIOLATED)
   Arith_OUT[28]                1.50          37.46         -35.96  (VIOLATED)
       PIN :   U180/Y           1.50          37.46         -35.96  (VIOLATED)
   Arith_OUT[29]                1.50          37.46         -35.96  (VIOLATED)
       PIN :   U182/Y           1.50          37.46         -35.96  (VIOLATED)
   Arith_OUT[30]                1.50          37.46         -35.96  (VIOLATED)
       PIN :   U184/Y           1.50          37.46         -35.96  (VIOLATED)
   Arith_OUT[31]                1.50          37.46         -35.96  (VIOLATED)
       PIN :   U18/Y            1.50          37.46         -35.96  (VIOLATED)
   CMP_Flag                     1.50          37.46         -35.96  (VIOLATED)
       PIN :   U46/Y            1.50          37.46         -35.96  (VIOLATED)
   CMP_OUT[0]                   1.50          37.46         -35.96  (VIOLATED)
       PIN :   U48/Y            1.50          37.46         -35.96  (VIOLATED)
   CMP_OUT[1]                   1.50          37.46         -35.96  (VIOLATED)
       PIN :   U50/Y            1.50          37.46         -35.96  (VIOLATED)
   Carry_OUT                    1.50          37.46         -35.96  (VIOLATED)
       PIN :   U122/Y           1.50          37.46         -35.96  (VIOLATED)
   Logic_Flag                   1.50          37.46         -35.96  (VIOLATED)
       PIN :   U86/Y            1.50          37.46         -35.96  (VIOLATED)
   Logic_OUT[0]                 1.50          37.46         -35.96  (VIOLATED)
       PIN :   U88/Y            1.50          37.46         -35.96  (VIOLATED)
   Logic_OUT[1]                 1.50          37.46         -35.96  (VIOLATED)
       PIN :   U90/Y            1.50          37.46         -35.96  (VIOLATED)
   Logic_OUT[2]                 1.50          37.46         -35.96  (VIOLATED)
       PIN :   U92/Y            1.50          37.46         -35.96  (VIOLATED)
   Logic_OUT[3]                 1.50          37.46         -35.96  (VIOLATED)
       PIN :   U94/Y            1.50          37.46         -35.96  (VIOLATED)
   Logic_OUT[4]                 1.50          37.46         -35.96  (VIOLATED)
       PIN :   U96/Y            1.50          37.46         -35.96  (VIOLATED)
   Logic_OUT[5]                 1.50          37.46         -35.96  (VIOLATED)
       PIN :   U98/Y            1.50          37.46         -35.96  (VIOLATED)
   Logic_OUT[6]                 1.50          37.46         -35.96  (VIOLATED)
       PIN :   U100/Y           1.50          37.46         -35.96  (VIOLATED)
   Logic_OUT[7]                 1.50          37.46         -35.96  (VIOLATED)
       PIN :   U102/Y           1.50          37.46         -35.96  (VIOLATED)
   Logic_OUT[8]                 1.50          37.46         -35.96  (VIOLATED)
       PIN :   U104/Y           1.50          37.46         -35.96  (VIOLATED)
   Logic_OUT[9]                 1.50          37.46         -35.96  (VIOLATED)
       PIN :   U106/Y           1.50          37.46         -35.96  (VIOLATED)
   Logic_OUT[10]                1.50          37.46         -35.96  (VIOLATED)
       PIN :   U108/Y           1.50          37.46         -35.96  (VIOLATED)
   Logic_OUT[11]                1.50          37.46         -35.96  (VIOLATED)
       PIN :   U110/Y           1.50          37.46         -35.96  (VIOLATED)
   Logic_OUT[12]                1.50          37.46         -35.96  (VIOLATED)
       PIN :   U112/Y           1.50          37.46         -35.96  (VIOLATED)
   Logic_OUT[13]                1.50          37.46         -35.96  (VIOLATED)
       PIN :   U114/Y           1.50          37.46         -35.96  (VIOLATED)
   Logic_OUT[14]                1.50          37.46         -35.96  (VIOLATED)
       PIN :   U116/Y           1.50          37.46         -35.96  (VIOLATED)
   Logic_OUT[15]                1.50          37.46         -35.96  (VIOLATED)
       PIN :   U118/Y           1.50          37.46         -35.96  (VIOLATED)
   Shift_Flag                   1.50          37.46         -35.96  (VIOLATED)
       PIN :   U52/Y            1.50          37.46         -35.96  (VIOLATED)
   Shift_OUT[0]                 1.50          37.46         -35.96  (VIOLATED)
       PIN :   U54/Y            1.50          37.46         -35.96  (VIOLATED)
   Shift_OUT[1]                 1.50          37.46         -35.96  (VIOLATED)
       PIN :   U56/Y            1.50          37.46         -35.96  (VIOLATED)
   Shift_OUT[2]                 1.50          37.46         -35.96  (VIOLATED)
       PIN :   U58/Y            1.50          37.46         -35.96  (VIOLATED)
   Shift_OUT[3]                 1.50          37.46         -35.96  (VIOLATED)
       PIN :   U60/Y            1.50          37.46         -35.96  (VIOLATED)
   Shift_OUT[4]                 1.50          37.46         -35.96  (VIOLATED)
       PIN :   U62/Y            1.50          37.46         -35.96  (VIOLATED)
   Shift_OUT[5]                 1.50          37.46         -35.96  (VIOLATED)
       PIN :   U64/Y            1.50          37.46         -35.96  (VIOLATED)
   Shift_OUT[6]                 1.50          37.46         -35.96  (VIOLATED)
       PIN :   U66/Y            1.50          37.46         -35.96  (VIOLATED)
   Shift_OUT[7]                 1.50          37.46         -35.96  (VIOLATED)
       PIN :   U68/Y            1.50          37.46         -35.96  (VIOLATED)
   Shift_OUT[8]                 1.50          37.46         -35.96  (VIOLATED)
       PIN :   U70/Y            1.50          37.46         -35.96  (VIOLATED)
   Shift_OUT[9]                 1.50          37.46         -35.96  (VIOLATED)
       PIN :   U72/Y            1.50          37.46         -35.96  (VIOLATED)
   Shift_OUT[10]                1.50          37.46         -35.96  (VIOLATED)
       PIN :   U74/Y            1.50          37.46         -35.96  (VIOLATED)
   Shift_OUT[11]                1.50          37.46         -35.96  (VIOLATED)
       PIN :   U76/Y            1.50          37.46         -35.96  (VIOLATED)
   Shift_OUT[12]                1.50          37.46         -35.96  (VIOLATED)
       PIN :   U78/Y            1.50          37.46         -35.96  (VIOLATED)
   Shift_OUT[13]                1.50          37.46         -35.96  (VIOLATED)
       PIN :   U80/Y            1.50          37.46         -35.96  (VIOLATED)
   Shift_OUT[14]                1.50          37.46         -35.96  (VIOLATED)
       PIN :   U82/Y            1.50          37.46         -35.96  (VIOLATED)
   Shift_OUT[15]                1.50          37.46         -35.96  (VIOLATED)
       PIN :   U84/Y            1.50          37.46         -35.96  (VIOLATED)

   -----------------------------------------------------------------
   Total                      71              -2553.16  

   max_capacitance

                             Required        Actual
   Net                      Capacitance    Capacitance       Slack
   -----------------------------------------------------------------
   Arith_Flag                   3.69          75.03         -71.34  (VIOLATED)
   Arith_OUT[0]                 3.69          75.03         -71.34  (VIOLATED)
   Arith_OUT[1]                 3.69          75.03         -71.34  (VIOLATED)
   Arith_OUT[2]                 3.69          75.03         -71.34  (VIOLATED)
   Arith_OUT[3]                 3.69          75.03         -71.34  (VIOLATED)
   Arith_OUT[4]                 3.69          75.03         -71.34  (VIOLATED)
   Arith_OUT[5]                 3.69          75.03         -71.34  (VIOLATED)
   Arith_OUT[6]                 3.69          75.03         -71.34  (VIOLATED)
   Arith_OUT[7]                 3.69          75.03         -71.34  (VIOLATED)
   Arith_OUT[8]                 3.69          75.03         -71.34  (VIOLATED)
   Arith_OUT[9]                 3.69          75.03         -71.34  (VIOLATED)
   Arith_OUT[10]                3.69          75.03         -71.34  (VIOLATED)
   Arith_OUT[11]                3.69          75.03         -71.34  (VIOLATED)
   Arith_OUT[12]                3.69          75.03         -71.34  (VIOLATED)
   Arith_OUT[13]                3.69          75.03         -71.34  (VIOLATED)
   Arith_OUT[14]                3.69          75.03         -71.34  (VIOLATED)
   Arith_OUT[15]                3.69          75.03         -71.34  (VIOLATED)
   Arith_OUT[16]                3.69          75.03         -71.34  (VIOLATED)
   Arith_OUT[17]                3.69          75.03         -71.34  (VIOLATED)
   Arith_OUT[18]                3.69          75.03         -71.34  (VIOLATED)
   Arith_OUT[19]                3.69          75.03         -71.34  (VIOLATED)
   Arith_OUT[20]                3.69          75.03         -71.34  (VIOLATED)
   Arith_OUT[21]                3.69          75.03         -71.34  (VIOLATED)
   Arith_OUT[22]                3.69          75.03         -71.34  (VIOLATED)
   Arith_OUT[23]                3.69          75.03         -71.34  (VIOLATED)
   Arith_OUT[24]                3.69          75.03         -71.34  (VIOLATED)
   Arith_OUT[25]                3.69          75.03         -71.34  (VIOLATED)
   Arith_OUT[26]                3.69          75.03         -71.34  (VIOLATED)
   Arith_OUT[27]                3.69          75.03         -71.34  (VIOLATED)
   Arith_OUT[28]                3.69          75.03         -71.34  (VIOLATED)
   Arith_OUT[29]                3.69          75.03         -71.34  (VIOLATED)
   Arith_OUT[30]                3.69          75.03         -71.34  (VIOLATED)
   Arith_OUT[31]                3.69          75.03         -71.34  (VIOLATED)
   CMP_Flag                     3.69          75.03         -71.34  (VIOLATED)
   CMP_OUT[0]                   3.69          75.03         -71.34  (VIOLATED)
   CMP_OUT[1]                   3.69          75.03         -71.34  (VIOLATED)
   CMP_OUT[2]                   3.69          75.03         -71.34  (VIOLATED)
   Carry_OUT                    3.69          75.03         -71.34  (VIOLATED)
   Logic_Flag                   3.69          75.03         -71.34  (VIOLATED)
   Logic_OUT[0]                 3.69          75.03         -71.34  (VIOLATED)
   Logic_OUT[1]                 3.69          75.03         -71.34  (VIOLATED)
   Logic_OUT[2]                 3.69          75.03         -71.34  (VIOLATED)
   Logic_OUT[3]                 3.69          75.03         -71.34  (VIOLATED)
   Logic_OUT[4]                 3.69          75.03         -71.34  (VIOLATED)
   Logic_OUT[5]                 3.69          75.03         -71.34  (VIOLATED)
   Logic_OUT[6]                 3.69          75.03         -71.34  (VIOLATED)
   Logic_OUT[7]                 3.69          75.03         -71.34  (VIOLATED)
   Logic_OUT[8]                 3.69          75.03         -71.34  (VIOLATED)
   Logic_OUT[9]                 3.69          75.03         -71.34  (VIOLATED)
   Logic_OUT[10]                3.69          75.03         -71.34  (VIOLATED)
   Logic_OUT[11]                3.69          75.03         -71.34  (VIOLATED)
   Logic_OUT[12]                3.69          75.03         -71.34  (VIOLATED)
   Logic_OUT[13]                3.69          75.03         -71.34  (VIOLATED)
   Logic_OUT[14]                3.69          75.03         -71.34  (VIOLATED)
   Logic_OUT[15]                3.69          75.03         -71.34  (VIOLATED)
   Shift_Flag                   3.69          75.03         -71.34  (VIOLATED)
   Shift_OUT[0]                 3.69          75.03         -71.34  (VIOLATED)
   Shift_OUT[1]                 3.69          75.03         -71.34  (VIOLATED)
   Shift_OUT[2]                 3.69          75.03         -71.34  (VIOLATED)
   Shift_OUT[3]                 3.69          75.03         -71.34  (VIOLATED)
   Shift_OUT[4]                 3.69          75.03         -71.34  (VIOLATED)
   Shift_OUT[5]                 3.69          75.03         -71.34  (VIOLATED)
   Shift_OUT[6]                 3.69          75.03         -71.34  (VIOLATED)
   Shift_OUT[7]                 3.69          75.03         -71.34  (VIOLATED)
   Shift_OUT[8]                 3.69          75.03         -71.34  (VIOLATED)
   Shift_OUT[9]                 3.69          75.03         -71.34  (VIOLATED)
   Shift_OUT[10]                3.69          75.03         -71.34  (VIOLATED)
   Shift_OUT[11]                3.69          75.03         -71.34  (VIOLATED)
   Shift_OUT[12]                3.69          75.03         -71.34  (VIOLATED)
   Shift_OUT[13]                3.69          75.03         -71.34  (VIOLATED)
   Shift_OUT[14]                3.69          75.03         -71.34  (VIOLATED)
   Shift_OUT[15]                3.69          75.03         -71.34  (VIOLATED)

   -----------------------------------------------------------------
   Total                      72              -5136.37  

1
