 
****************************************
Report : timing
        -path full
        -delay max
        -max_paths 1
Design : ALU_TOP
Version: K-2015.06
Date   : Tue Jul 12 23:08:25 2022
****************************************

Operating Conditions: scmetro_tsmc_cl013g_rvt_ss_1p08v_125c   Library: scmetro_tsmc_cl013g_rvt_ss_1p08v_125c
Wire Load Model Mode: top

  Startpoint: B[14] (input port clocked by CLK)
  Endpoint: U0_ARITHMETIC_UNIT/Arith_OUT_reg_0_
            (rising edge-triggered flip-flop clocked by CLK)
  Path Group: CLK
  Path Type: max

  Des/Clust/Port     Wire Load Model       Library
  ------------------------------------------------
  ALU_TOP            tsmc13_wl30           scmetro_tsmc_cl013g_rvt_ss_1p08v_125c

  Point                                                   Incr       Path
  --------------------------------------------------------------------------
  clock CLK (rise edge)                                   0.00       0.00
  clock network delay (ideal)                             0.00       0.00
  input external delay                                   20.00      20.00 r
  B[14] (in)                                              0.35      20.35 r
  U5/Y (BUFX6M)                                           0.62      20.96 r
  U0_ARITHMETIC_UNIT/B[14] (ARITHMETIC_UNIT_test_1)       0.00      20.96 r
  U0_ARITHMETIC_UNIT/div_63/b[14] (ARITHMETIC_UNIT_DW_div_uns_0)
                                                          0.00      20.96 r
  U0_ARITHMETIC_UNIT/div_63/U71/Y (NOR2X12M)              0.21      21.17 f
  U0_ARITHMETIC_UNIT/div_63/U131/Y (AND3X12M)             0.25      21.42 f
  U0_ARITHMETIC_UNIT/div_63/U116/Y (AND2X12M)             0.20      21.63 f
  U0_ARITHMETIC_UNIT/div_63/U16/Y (AND3X12M)              0.21      21.84 f
  U0_ARITHMETIC_UNIT/div_63/U133/Y (AND2X12M)             0.20      22.05 f
  U0_ARITHMETIC_UNIT/div_63/U11/Y (AND3X12M)              0.21      22.26 f
  U0_ARITHMETIC_UNIT/div_63/U12/Y (AND2X12M)              0.21      22.46 f
  U0_ARITHMETIC_UNIT/div_63/U8/Y (AND3X12M)               0.23      22.69 f
  U0_ARITHMETIC_UNIT/div_63/U14/Y (AND4X8M)               0.25      22.94 f
  U0_ARITHMETIC_UNIT/div_63/U13/Y (MX2X6M)                0.35      23.29 r
  U0_ARITHMETIC_UNIT/div_63/u_div_u_fa_PartRem_0_14_1/CO (ADDFX2M)
                                                          0.67      23.96 r
  U0_ARITHMETIC_UNIT/div_63/U18/Y (AND3X1M)               0.49      24.45 r
  U0_ARITHMETIC_UNIT/div_63/U17/Y (BUFX10M)               0.26      24.71 r
  U0_ARITHMETIC_UNIT/div_63/U209/Y (CLKMX2X2M)            0.61      25.32 f
  U0_ARITHMETIC_UNIT/div_63/u_div_u_fa_PartRem_0_13_1/CO (ADDFX2M)
                                                          0.73      26.05 f
  U0_ARITHMETIC_UNIT/div_63/u_div_u_fa_PartRem_0_13_2/CO (ADDFX2M)
                                                          0.50      26.55 f
  U0_ARITHMETIC_UNIT/div_63/U38/Y (AND2X1M)               0.40      26.95 f
  U0_ARITHMETIC_UNIT/div_63/U37/Y (BUFX10M)               0.26      27.21 f
  U0_ARITHMETIC_UNIT/div_63/U212/Y (CLKMX2X2M)            0.56      27.77 r
  U0_ARITHMETIC_UNIT/div_63/u_div_u_fa_PartRem_0_12_1/CO (ADDFX2M)
                                                          0.72      28.49 r
  U0_ARITHMETIC_UNIT/div_63/u_div_u_fa_PartRem_0_12_2/CO (ADDFX2M)
                                                          0.53      29.02 r
  U0_ARITHMETIC_UNIT/div_63/u_div_u_fa_PartRem_0_12_3/CO (ADDFHX8M)
                                                          0.24      29.27 r
  U0_ARITHMETIC_UNIT/div_63/U61/Y (AND3X4M)               0.63      29.90 r
  U0_ARITHMETIC_UNIT/div_63/U213/Y (CLKMX2X2M)            0.68      30.58 f
  U0_ARITHMETIC_UNIT/div_63/u_div_u_fa_PartRem_0_11_1/CO (ADDFX2M)
                                                          0.73      31.31 f
  U0_ARITHMETIC_UNIT/div_63/u_div_u_fa_PartRem_0_11_2/CO (ADDFX2M)
                                                          0.55      31.86 f
  U0_ARITHMETIC_UNIT/div_63/u_div_u_fa_PartRem_0_11_3/CO (ADDFHX8M)
                                                          0.30      32.17 f
  U0_ARITHMETIC_UNIT/div_63/u_div_u_fa_PartRem_0_11_4/CO (ADDFX2M)
                                                          0.46      32.63 f
  U0_ARITHMETIC_UNIT/div_63/U21/Y (AND2X1M)               0.42      33.04 f
  U0_ARITHMETIC_UNIT/div_63/U20/Y (BUFX14M)               0.27      33.32 f
  U0_ARITHMETIC_UNIT/div_63/U214/Y (CLKMX2X2M)            0.57      33.88 f
  U0_ARITHMETIC_UNIT/div_63/u_div_u_fa_PartRem_0_10_1/CO (ADDFX2M)
                                                          0.73      34.62 f
  U0_ARITHMETIC_UNIT/div_63/u_div_u_fa_PartRem_0_10_2/CO (ADDFX2M)
                                                          0.55      35.16 f
  U0_ARITHMETIC_UNIT/div_63/u_div_u_fa_PartRem_0_10_3/CO (ADDFHX8M)
                                                          0.30      35.47 f
  U0_ARITHMETIC_UNIT/div_63/u_div_u_fa_PartRem_0_10_4/CO (ADDFX2M)
                                                          0.47      35.94 f
  U0_ARITHMETIC_UNIT/div_63/u_div_u_fa_PartRem_0_10_5/CO (ADDFX2M)
                                                          0.51      36.45 f
  U0_ARITHMETIC_UNIT/div_63/U10/Y (CLKAND2X12M)           0.21      36.66 f
  U0_ARITHMETIC_UNIT/div_63/U29/Y (BUFX18M)               0.20      36.85 f
  U0_ARITHMETIC_UNIT/div_63/U215/Y (CLKMX2X2M)            0.56      37.42 f
  U0_ARITHMETIC_UNIT/div_63/u_div_u_fa_PartRem_0_9_1/CO (ADDFX2M)
                                                          0.73      38.15 f
  U0_ARITHMETIC_UNIT/div_63/u_div_u_fa_PartRem_0_9_2/CO (ADDFX2M)
                                                          0.55      38.70 f
  U0_ARITHMETIC_UNIT/div_63/u_div_u_fa_PartRem_0_9_3/CO (ADDFHX8M)
                                                          0.30      39.00 f
  U0_ARITHMETIC_UNIT/div_63/u_div_u_fa_PartRem_0_9_4/CO (ADDFX2M)
                                                          0.47      39.47 f
  U0_ARITHMETIC_UNIT/div_63/u_div_u_fa_PartRem_0_9_5/CO (ADDFX2M)
                                                          0.55      40.02 f
  U0_ARITHMETIC_UNIT/div_63/u_div_u_fa_PartRem_0_9_6/CO (ADDFHX8M)
                                                          0.31      40.33 f
  U0_ARITHMETIC_UNIT/div_63/U54/Y (AND2X12M)              0.29      40.62 f
  U0_ARITHMETIC_UNIT/div_63/U128/Y (MX2X1M)               0.75      41.37 r
  U0_ARITHMETIC_UNIT/div_63/u_div_u_fa_PartRem_0_8_2/CO (ADDFX4M)
                                                          0.76      42.14 r
  U0_ARITHMETIC_UNIT/div_63/u_div_u_fa_PartRem_0_8_3/CO (ADDFHX8M)
                                                          0.23      42.37 r
  U0_ARITHMETIC_UNIT/div_63/u_div_u_fa_PartRem_0_8_4/CO (ADDFX2M)
                                                          0.43      42.79 r
  U0_ARITHMETIC_UNIT/div_63/u_div_u_fa_PartRem_0_8_5/CO (ADDFX2M)
                                                          0.47      43.26 r
  U0_ARITHMETIC_UNIT/div_63/u_div_u_fa_PartRem_0_8_6/CO (ADDFX2M)
                                                          0.47      43.73 r
  U0_ARITHMETIC_UNIT/div_63/u_div_u_fa_PartRem_0_8_7/CO (ADDFX2M)
                                                          0.45      44.18 r
  U0_ARITHMETIC_UNIT/div_63/U136/Y (AND2X1M)              0.49      44.67 r
  U0_ARITHMETIC_UNIT/div_63/U28/Y (CLKBUFX32M)            0.33      45.00 r
  U0_ARITHMETIC_UNIT/div_63/U24/Y (MX2X1M)                0.45      45.45 f
  U0_ARITHMETIC_UNIT/div_63/U1/Y (BUFX10M)                0.23      45.69 f
  U0_ARITHMETIC_UNIT/div_63/u_div_u_fa_PartRem_0_7_1/CO (ADDFHX4M)
                                                          0.41      46.10 f
  U0_ARITHMETIC_UNIT/div_63/u_div_u_fa_PartRem_0_7_2/CO (ADDFX2M)
                                                          0.52      46.62 f
  U0_ARITHMETIC_UNIT/div_63/u_div_u_fa_PartRem_0_7_3/CO (ADDFHX8M)
                                                          0.30      46.92 f
  U0_ARITHMETIC_UNIT/div_63/u_div_u_fa_PartRem_0_7_4/CO (ADDFX2M)
                                                          0.47      47.39 f
  U0_ARITHMETIC_UNIT/div_63/u_div_u_fa_PartRem_0_7_5/CO (ADDFX2M)
                                                          0.51      47.89 f
  U0_ARITHMETIC_UNIT/div_63/u_div_u_fa_PartRem_0_7_6/CO (ADDFX2M)
                                                          0.51      48.40 f
  U0_ARITHMETIC_UNIT/div_63/u_div_u_fa_PartRem_0_7_7/CO (ADDFX2M)
                                                          0.51      48.91 f
  U0_ARITHMETIC_UNIT/div_63/u_div_u_fa_PartRem_0_7_8/CO (ADDFX2M)
                                                          0.52      49.43 f
  U0_ARITHMETIC_UNIT/div_63/U15/Y (AND2X12M)              0.22      49.64 f
  U0_ARITHMETIC_UNIT/div_63/U30/Y (BUFX18M)               0.22      49.86 f
  U0_ARITHMETIC_UNIT/div_63/U183/Y (CLKMX2X2M)            0.58      50.44 f
  U0_ARITHMETIC_UNIT/div_63/u_div_u_fa_PartRem_0_6_1/CO (ADDFX2M)
                                                          0.73      51.17 f
  U0_ARITHMETIC_UNIT/div_63/u_div_u_fa_PartRem_0_6_2/CO (ADDFX2M)
                                                          0.55      51.72 f
  U0_ARITHMETIC_UNIT/div_63/u_div_u_fa_PartRem_0_6_3/CO (ADDFHX8M)
                                                          0.30      52.02 f
  U0_ARITHMETIC_UNIT/div_63/u_div_u_fa_PartRem_0_6_4/CO (ADDFX2M)
                                                          0.47      52.49 f
  U0_ARITHMETIC_UNIT/div_63/u_div_u_fa_PartRem_0_6_5/CO (ADDFX2M)
                                                          0.51      53.00 f
  U0_ARITHMETIC_UNIT/div_63/u_div_u_fa_PartRem_0_6_6/CO (ADDFX2M)
                                                          0.51      53.50 f
  U0_ARITHMETIC_UNIT/div_63/u_div_u_fa_PartRem_0_6_7/CO (ADDFX2M)
                                                          0.55      54.05 f
  U0_ARITHMETIC_UNIT/div_63/u_div_u_fa_PartRem_0_6_8/CO (ADDFHX8M)
                                                          0.32      54.37 f
  U0_ARITHMETIC_UNIT/div_63/u_div_u_fa_PartRem_0_6_9/CO (ADDFHX8M)
                                                          0.26      54.64 f
  U0_ARITHMETIC_UNIT/div_63/U139/Y (AND3XLM)              0.59      55.22 f
  U0_ARITHMETIC_UNIT/div_63/U19/Y (BUFX18M)               0.36      55.59 f
  U0_ARITHMETIC_UNIT/div_63/U46/Y (MX2X1M)                0.81      56.40 r
  U0_ARITHMETIC_UNIT/div_63/u_div_u_fa_PartRem_0_5_1/CO (ADDFHX4M)
                                                          0.56      56.95 r
  U0_ARITHMETIC_UNIT/div_63/u_div_u_fa_PartRem_0_5_2/CO (ADDFX2M)
                                                          0.44      57.39 r
  U0_ARITHMETIC_UNIT/div_63/u_div_u_fa_PartRem_0_5_3/CO (ADDFX2M)
                                                          0.47      57.86 r
  U0_ARITHMETIC_UNIT/div_63/u_div_u_fa_PartRem_0_5_4/CO (ADDFX2M)
                                                          0.47      58.33 r
  U0_ARITHMETIC_UNIT/div_63/u_div_u_fa_PartRem_0_5_5/CO (ADDFX2M)
                                                          0.47      58.80 r
  U0_ARITHMETIC_UNIT/div_63/u_div_u_fa_PartRem_0_5_6/CO (ADDFX2M)
                                                          0.47      59.26 r
  U0_ARITHMETIC_UNIT/div_63/u_div_u_fa_PartRem_0_5_7/CO (ADDFX2M)
                                                          0.47      59.73 r
  U0_ARITHMETIC_UNIT/div_63/u_div_u_fa_PartRem_0_5_8/CO (ADDFX2M)
                                                          0.47      60.20 r
  U0_ARITHMETIC_UNIT/div_63/u_div_u_fa_PartRem_0_5_9/CO (ADDFX2M)
                                                          0.47      60.67 r
  U0_ARITHMETIC_UNIT/div_63/u_div_u_fa_PartRem_0_5_10/CO (ADDFX2M)
                                                          0.45      61.12 r
  U0_ARITHMETIC_UNIT/div_63/U137/Y (AND2X1M)              0.52      61.64 r
  U0_ARITHMETIC_UNIT/div_63/U45/Y (BUFX24M)               0.36      62.00 r
  U0_ARITHMETIC_UNIT/div_63/U40/Y (MX2X6M)                0.39      62.39 f
  U0_ARITHMETIC_UNIT/div_63/u_div_u_fa_PartRem_0_4_1/CO (ADDFHX2M)
                                                          0.51      62.91 f
  U0_ARITHMETIC_UNIT/div_63/u_div_u_fa_PartRem_0_4_2/CO (ADDFX4M)
                                                          0.52      63.43 f
  U0_ARITHMETIC_UNIT/div_63/u_div_u_fa_PartRem_0_4_3/CO (ADDFHX8M)
                                                          0.29      63.72 f
  U0_ARITHMETIC_UNIT/div_63/u_div_u_fa_PartRem_0_4_4/CO (ADDFX2M)
                                                          0.47      64.19 f
  U0_ARITHMETIC_UNIT/div_63/u_div_u_fa_PartRem_0_4_5/CO (ADDFX2M)
                                                          0.51      64.69 f
  U0_ARITHMETIC_UNIT/div_63/u_div_u_fa_PartRem_0_4_6/CO (ADDFX2M)
                                                          0.51      65.20 f
  U0_ARITHMETIC_UNIT/div_63/u_div_u_fa_PartRem_0_4_7/CO (ADDFX2M)
                                                          0.51      65.71 f
  U0_ARITHMETIC_UNIT/div_63/u_div_u_fa_PartRem_0_4_8/CO (ADDFX2M)
                                                          0.51      66.21 f
  U0_ARITHMETIC_UNIT/div_63/u_div_u_fa_PartRem_0_4_9/CO (ADDFX2M)
                                                          0.51      66.72 f
  U0_ARITHMETIC_UNIT/div_63/u_div_u_fa_PartRem_0_4_10/CO (ADDFX2M)
                                                          0.51      67.23 f
  U0_ARITHMETIC_UNIT/div_63/u_div_u_fa_PartRem_0_4_11/CO (ADDFX2M)
                                                          0.50      67.73 f
  U0_ARITHMETIC_UNIT/div_63/U138/Y (AND2X2M)              0.43      68.15 f
  U0_ARITHMETIC_UNIT/div_63/U189/Y (CLKMX2X2M)            0.64      68.79 f
  U0_ARITHMETIC_UNIT/div_63/u_div_u_fa_PartRem_0_3_1/CO (ADDFX2M)
                                                          0.73      69.52 f
  U0_ARITHMETIC_UNIT/div_63/u_div_u_fa_PartRem_0_3_2/CO (ADDFX2M)
                                                          0.55      70.07 f
  U0_ARITHMETIC_UNIT/div_63/u_div_u_fa_PartRem_0_3_3/CO (ADDFHX8M)
                                                          0.30      70.38 f
  U0_ARITHMETIC_UNIT/div_63/u_div_u_fa_PartRem_0_3_4/CO (ADDFX2M)
                                                          0.47      70.85 f
  U0_ARITHMETIC_UNIT/div_63/u_div_u_fa_PartRem_0_3_5/CO (ADDFX2M)
                                                          0.51      71.35 f
  U0_ARITHMETIC_UNIT/div_63/u_div_u_fa_PartRem_0_3_6/CO (ADDFX2M)
                                                          0.51      71.86 f
  U0_ARITHMETIC_UNIT/div_63/u_div_u_fa_PartRem_0_3_7/CO (ADDFX2M)
                                                          0.51      72.36 f
  U0_ARITHMETIC_UNIT/div_63/u_div_u_fa_PartRem_0_3_8/CO (ADDFX2M)
                                                          0.51      72.87 f
  U0_ARITHMETIC_UNIT/div_63/u_div_u_fa_PartRem_0_3_9/CO (ADDFX2M)
                                                          0.51      73.38 f
  U0_ARITHMETIC_UNIT/div_63/u_div_u_fa_PartRem_0_3_10/CO (ADDFX2M)
                                                          0.51      73.88 f
  U0_ARITHMETIC_UNIT/div_63/u_div_u_fa_PartRem_0_3_11/CO (ADDFX2M)
                                                          0.52      74.40 f
  U0_ARITHMETIC_UNIT/div_63/u_div_u_fa_PartRem_0_3_12/CO (ADDFHX4M)
                                                          0.33      74.73 f
  U0_ARITHMETIC_UNIT/div_63/U59/Y (AND3X2M)               0.39      75.13 f
  U0_ARITHMETIC_UNIT/div_63/U36/Y (BUFX32M)               0.26      75.38 f
  U0_ARITHMETIC_UNIT/div_63/U31/Y (MX2X1M)                0.58      75.96 f
  U0_ARITHMETIC_UNIT/div_63/u_div_u_fa_PartRem_0_2_1/CO (ADDFX2M)
                                                          0.72      76.68 f
  U0_ARITHMETIC_UNIT/div_63/u_div_u_fa_PartRem_0_2_2/CO (ADDFX2M)
                                                          0.51      77.19 f
  U0_ARITHMETIC_UNIT/div_63/u_div_u_fa_PartRem_0_2_3/CO (ADDFX2M)
                                                          0.51      77.69 f
  U0_ARITHMETIC_UNIT/div_63/u_div_u_fa_PartRem_0_2_4/CO (ADDFX2M)
                                                          0.51      78.20 f
  U0_ARITHMETIC_UNIT/div_63/u_div_u_fa_PartRem_0_2_5/CO (ADDFX2M)
                                                          0.51      78.71 f
  U0_ARITHMETIC_UNIT/div_63/u_div_u_fa_PartRem_0_2_6/CO (ADDFX2M)
                                                          0.51      79.21 f
  U0_ARITHMETIC_UNIT/div_63/u_div_u_fa_PartRem_0_2_7/CO (ADDFX2M)
                                                          0.51      79.72 f
  U0_ARITHMETIC_UNIT/div_63/u_div_u_fa_PartRem_0_2_8/CO (ADDFX2M)
                                                          0.51      80.22 f
  U0_ARITHMETIC_UNIT/div_63/u_div_u_fa_PartRem_0_2_9/CO (ADDFX2M)
                                                          0.51      80.73 f
  U0_ARITHMETIC_UNIT/div_63/u_div_u_fa_PartRem_0_2_10/CO (ADDFX2M)
                                                          0.51      81.24 f
  U0_ARITHMETIC_UNIT/div_63/u_div_u_fa_PartRem_0_2_11/CO (ADDFX2M)
                                                          0.51      81.74 f
  U0_ARITHMETIC_UNIT/div_63/u_div_u_fa_PartRem_0_2_12/CO (ADDFX2M)
                                                          0.55      82.29 f
  U0_ARITHMETIC_UNIT/div_63/u_div_u_fa_PartRem_0_2_13/CO (ADDFHX8M)
                                                          0.31      82.60 f
  U0_ARITHMETIC_UNIT/div_63/U39/Y (AND2X12M)              0.39      82.99 f
  U0_ARITHMETIC_UNIT/div_63/U192/Y (CLKMX2X2M)            0.63      83.62 f
  U0_ARITHMETIC_UNIT/div_63/u_div_u_fa_PartRem_0_1_1/CO (ADDFX2M)
                                                          0.73      84.35 f
  U0_ARITHMETIC_UNIT/div_63/u_div_u_fa_PartRem_0_1_2/CO (ADDFX2M)
                                                          0.51      84.86 f
  U0_ARITHMETIC_UNIT/div_63/u_div_u_fa_PartRem_0_1_3/CO (ADDFX2M)
                                                          0.51      85.37 f
  U0_ARITHMETIC_UNIT/div_63/u_div_u_fa_PartRem_0_1_4/CO (ADDFX2M)
                                                          0.51      85.87 f
  U0_ARITHMETIC_UNIT/div_63/u_div_u_fa_PartRem_0_1_5/CO (ADDFX2M)
                                                          0.55      86.42 f
  U0_ARITHMETIC_UNIT/div_63/u_div_u_fa_PartRem_0_1_6/CO (ADDFHX8M)
                                                          0.30      86.73 f
  U0_ARITHMETIC_UNIT/div_63/u_div_u_fa_PartRem_0_1_7/CO (ADDFX2M)
                                                          0.47      87.20 f
  U0_ARITHMETIC_UNIT/div_63/u_div_u_fa_PartRem_0_1_8/CO (ADDFX2M)
                                                          0.51      87.70 f
  U0_ARITHMETIC_UNIT/div_63/u_div_u_fa_PartRem_0_1_9/CO (ADDFX2M)
                                                          0.51      88.21 f
  U0_ARITHMETIC_UNIT/div_63/u_div_u_fa_PartRem_0_1_10/CO (ADDFX2M)
                                                          0.51      88.71 f
  U0_ARITHMETIC_UNIT/div_63/u_div_u_fa_PartRem_0_1_11/CO (ADDFX2M)
                                                          0.52      89.23 f
  U0_ARITHMETIC_UNIT/div_63/u_div_u_fa_PartRem_0_1_12/CO (ADDFHX4M)
                                                          0.33      89.57 f
  U0_ARITHMETIC_UNIT/div_63/u_div_u_fa_PartRem_0_1_13/CO (ADDFX2M)
                                                          0.49      90.06 f
  U0_ARITHMETIC_UNIT/div_63/u_div_u_fa_PartRem_0_1_14/CO (ADDFHX4M)
                                                          0.34      90.40 f
  U0_ARITHMETIC_UNIT/div_63/U60/Y (AND2X8M)               0.22      90.61 f
  U0_ARITHMETIC_UNIT/div_63/U51/Y (CLKINVX32M)            0.08      90.70 r
  U0_ARITHMETIC_UNIT/div_63/U52/Y (INVX20M)               0.04      90.74 f
  U0_ARITHMETIC_UNIT/div_63/U193/Y (CLKMX2X2M)            0.36      91.10 f
  U0_ARITHMETIC_UNIT/div_63/u_div_u_fa_PartRem_0_0_1/CO (ADDFX2M)
                                                          0.66      91.76 f
  U0_ARITHMETIC_UNIT/div_63/u_div_u_fa_PartRem_0_0_2/CO (ADDFX2M)
                                                          0.51      92.27 f
  U0_ARITHMETIC_UNIT/div_63/u_div_u_fa_PartRem_0_0_3/CO (ADDFX2M)
                                                          0.51      92.77 f
  U0_ARITHMETIC_UNIT/div_63/u_div_u_fa_PartRem_0_0_4/CO (ADDFX2M)
                                                          0.51      93.28 f
  U0_ARITHMETIC_UNIT/div_63/u_div_u_fa_PartRem_0_0_5/CO (ADDFX2M)
                                                          0.51      93.79 f
  U0_ARITHMETIC_UNIT/div_63/u_div_u_fa_PartRem_0_0_6/CO (ADDFX2M)
                                                          0.51      94.29 f
  U0_ARITHMETIC_UNIT/div_63/u_div_u_fa_PartRem_0_0_7/CO (ADDFX2M)
                                                          0.51      94.80 f
  U0_ARITHMETIC_UNIT/div_63/u_div_u_fa_PartRem_0_0_8/CO (ADDFX2M)
                                                          0.51      95.30 f
  U0_ARITHMETIC_UNIT/div_63/u_div_u_fa_PartRem_0_0_9/CO (ADDFX2M)
                                                          0.51      95.81 f
  U0_ARITHMETIC_UNIT/div_63/u_div_u_fa_PartRem_0_0_10/CO (ADDFX2M)
                                                          0.51      96.32 f
  U0_ARITHMETIC_UNIT/div_63/u_div_u_fa_PartRem_0_0_11/CO (ADDFX2M)
                                                          0.51      96.82 f
  U0_ARITHMETIC_UNIT/div_63/u_div_u_fa_PartRem_0_0_12/CO (ADDFX2M)
                                                          0.51      97.33 f
  U0_ARITHMETIC_UNIT/div_63/u_div_u_fa_PartRem_0_0_13/CO (ADDFX2M)
                                                          0.51      97.84 f
  U0_ARITHMETIC_UNIT/div_63/u_div_u_fa_PartRem_0_0_14/CO (ADDFX2M)
                                                          0.55      98.38 f
  U0_ARITHMETIC_UNIT/div_63/u_div_u_fa_PartRem_0_0_15/CO (ADDFHX8M)
                                                          0.31      98.69 f
  U0_ARITHMETIC_UNIT/div_63/quotient[0] (ARITHMETIC_UNIT_DW_div_uns_0)
                                                          0.00      98.69 f
  U0_ARITHMETIC_UNIT/U39/Y (AOI22X4M)                     0.31      99.01 r
  U0_ARITHMETIC_UNIT/U148/Y (NAND2X2M)                    0.29      99.30 f
  U0_ARITHMETIC_UNIT/Arith_OUT_reg_0_/D (SDFFRQX1M)       0.00      99.30 f
  data arrival time                                                 99.30

  clock CLK (rise edge)                                 100.00     100.00
  clock network delay (ideal)                             0.00     100.00
  clock uncertainty                                      -0.20      99.80
  U0_ARITHMETIC_UNIT/Arith_OUT_reg_0_/CK (SDFFRQX1M)      0.00      99.80 r
  library setup time                                     -0.47      99.33
  data required time                                                99.33
  --------------------------------------------------------------------------
  data required time                                                99.33
  data arrival time                                                -99.30
  --------------------------------------------------------------------------
  slack (MET)                                                        0.03


1
